2024-02-02 21:15:45.965 [info] Using settings sync service https://vscode-sync.trafficmanager.net/
2024-02-02 21:15:45.965 [info] Auto Sync is enabled.
2024-02-02 21:15:45.965 [info] Auto Sync: Suspended until auth token is available.
2024-02-02 21:15:48.645 [info] Auto Sync: Triggered by Interval
2024-02-02 21:15:48.648 [info] Sync started.
2024-02-02 21:15:49.202 [info] Settings: Last sync resource does not exist locally.
2024-02-02 21:15:49.577 [info] Settings: No changes found during synchronizing settings.
2024-02-02 21:15:49.622 [info] Keybindings: Last sync resource does not exist locally.
2024-02-02 21:15:49.804 [info] Keybindings: No changes found during synchronizing keybindings.
2024-02-02 21:15:49.812 [info] Snippets: Last sync resource does not exist locally.
2024-02-02 21:15:49.933 [info] Snippets: No changes found during synchronizing snippets.
2024-02-02 21:15:49.937 [info] Tasks: Last sync resource does not exist locally.
2024-02-02 21:15:50.059 [info] Tasks: No changes found during synchronizing tasks.
2024-02-02 21:15:50.061 [info] GlobalState: Last sync resource does not exist locally.
2024-02-02 21:15:50.281 [info] GlobalState: No changes found during synchronizing ui state.
2024-02-02 21:15:50.284 [info] Extensions: Last sync resource does not exist locally.
2024-02-02 21:15:50.516 [info] Extensions: No changes found during synchronizing extensions.
2024-02-02 21:15:50.518 [info] Profiles: Last sync resource does not exist locally.
2024-02-02 21:15:50.733 [info] Profiles: No changes found during synchronizing profiles.
2024-02-02 21:15:50.737 [info] Sync done. Took 2152ms
