[    45.182] 
X.Org X Server 1.21.1.11
X Protocol Version 11, Revision 0
[    45.182] Current Operating System: Linux Amaterasu 6.7.3-arch1-2 #1 SMP PREEMPT_DYNAMIC Fri, 02 Feb 2024 17:03:55 +0000 x86_64
[    45.182] Kernel command line: initrd=\intel-ucode.img initrd=\initramfs-linux.img root=PARTUUID=c18aa2a3-f635-4a6f-908f-0750778f6694 zswap.enabled=0 rw rootfstype=ext4
[    45.182]  
[    45.182] Current version of pixman: 0.43.2
[    45.182] 	Before reporting problems, check http://wiki.x.org
	to make sure that you have the latest version.
[    45.182] Markers: (--) probed, (**) from config file, (==) default setting,
	(++) from command line, (!!) notice, (II) informational,
	(WW) warning, (EE) error, (NI) not implemented, (??) unknown.
[    45.182] (==) Log file: "/home/kami/.local/share/xorg/Xorg.0.log", Time: Tue Feb  6 11:43:37 2024
[    45.309] (==) Using config directory: "/etc/X11/xorg.conf.d"
[    45.309] (==) Using system config directory "/usr/share/X11/xorg.conf.d"
[    45.378] (==) No Layout section.  Using the first Screen section.
[    45.378] (==) No screen section available. Using defaults.
[    45.378] (**) |-->Screen "Default Screen Section" (0)
[    45.378] (**) |   |-->Monitor "<default monitor>"
[    45.378] (==) No monitor specified for screen "Default Screen Section".
	Using a default monitor configuration.
[    45.378] (==) Automatically adding devices
[    45.378] (==) Automatically enabling devices
[    45.378] (==) Automatically adding GPU devices
[    45.378] (==) Automatically binding GPU devices
[    45.378] (==) Max clients allowed: 256, resource mask: 0x1fffff
[    45.405] (WW) The directory "/usr/share/fonts/misc" does not exist.
[    45.405] 	Entry deleted from font path.
[    45.437] (WW) `fonts.dir' not found (or not valid) in "/usr/share/fonts/TTF".
[    45.437] 	Entry deleted from font path.
[    45.437] 	(Run 'mkfontdir' on "/usr/share/fonts/TTF").
[    45.437] (WW) The directory "/usr/share/fonts/OTF" does not exist.
[    45.437] 	Entry deleted from font path.
[    45.437] (WW) The directory "/usr/share/fonts/Type1" does not exist.
[    45.437] 	Entry deleted from font path.
[    45.437] (WW) The directory "/usr/share/fonts/100dpi" does not exist.
[    45.437] 	Entry deleted from font path.
[    45.437] (WW) The directory "/usr/share/fonts/75dpi" does not exist.
[    45.437] 	Entry deleted from font path.
[    45.437] (==) FontPath set to:
	
[    45.437] (==) ModulePath set to "/usr/lib/xorg/modules"
[    45.437] (II) The server relies on udev to provide the list of input devices.
	If no devices become available, reconfigure udev or disable AutoAddDevices.
[    45.437] (II) Module ABI versions:
[    45.437] 	X.Org ANSI C Emulation: 0.4
[    45.437] 	X.Org Video Driver: 25.2
[    45.437] 	X.Org XInput driver : 24.4
[    45.437] 	X.Org Server Extension : 10.0
[    45.437] (++) using VT number 1

[    45.438] (II) systemd-logind: took control of session /org/freedesktop/login1/session/_31
[    45.438] (II) xfree86: Adding drm device (/dev/dri/card1)
[    45.438] (II) Platform probe for /sys/devices/pci0000:00/0000:00:02.0/drm/card1
[    45.438] (II) systemd-logind: got fd for /dev/dri/card1 226:1 fd 13 paused 0
[    45.439] (--) PCI:*(0@0:2:0) 8086:041e:1458:d000 rev 6, Mem @ 0xf7800000/4194304, 0xe0000000/268435456, I/O @ 0x0000f000/64, BIOS @ 0x????????/131072
[    45.440] (WW) Open ACPI failed (/var/run/acpid.socket) (No such file or directory)
[    45.440] (II) LoadModule: "glx"
[    45.465] (II) Loading /usr/lib/xorg/modules/extensions/libglx.so
[    45.522] (II) Module glx: vendor="X.Org Foundation"
[    45.522] 	compiled for 1.21.1.11, module version = 1.0.0
[    45.522] 	ABI class: X.Org Server Extension, version 10.0
[    45.522] (==) Matched intel as autoconfigured driver 0
[    45.522] (==) Matched modesetting as autoconfigured driver 1
[    45.522] (==) Matched fbdev as autoconfigured driver 2
[    45.522] (==) Matched vesa as autoconfigured driver 3
[    45.522] (==) Assigned the driver to the xf86ConfigLayout
[    45.522] (II) LoadModule: "intel"
[    45.522] (WW) Warning, couldn't open module intel
[    45.522] (EE) Failed to load module "intel" (module does not exist, 0)
[    45.522] (II) LoadModule: "modesetting"
[    45.522] (II) Loading /usr/lib/xorg/modules/drivers/modesetting_drv.so
[    45.643] (II) Module modesetting: vendor="X.Org Foundation"
[    45.643] 	compiled for 1.21.1.11, module version = 1.21.1
[    45.643] 	Module class: X.Org Video Driver
[    45.643] 	ABI class: X.Org Video Driver, version 25.2
[    45.643] (II) LoadModule: "fbdev"
[    45.644] (WW) Warning, couldn't open module fbdev
[    45.644] (EE) Failed to load module "fbdev" (module does not exist, 0)
[    45.644] (II) LoadModule: "vesa"
[    45.644] (WW) Warning, couldn't open module vesa
[    45.644] (EE) Failed to load module "vesa" (module does not exist, 0)
[    45.644] (II) modesetting: Driver for Modesetting Kernel Drivers: kms
[    45.644] (II) modeset(0): using drv /dev/dri/card1
[    45.644] (WW) VGA arbiter: cannot open kernel arbiter, no multi-card support
[    45.644] (II) modeset(0): Creating default Display subsection in Screen section
	"Default Screen Section" for depth/fbbpp 24/32
[    45.644] (==) modeset(0): Depth 24, (==) framebuffer bpp 32
[    45.644] (==) modeset(0): RGB weight 888
[    45.644] (==) modeset(0): Default visual is TrueColor
[    45.644] (II) Loading sub module "glamoregl"
[    45.644] (II) LoadModule: "glamoregl"
[    45.644] (II) Loading /usr/lib/xorg/modules/libglamoregl.so
[    45.786] (II) Module glamoregl: vendor="X.Org Foundation"
[    45.786] 	compiled for 1.21.1.11, module version = 1.0.1
[    45.786] 	ABI class: X.Org ANSI C Emulation, version 0.4
[    50.196] (II) modeset(0): glamor X acceleration enabled on Mesa Intel(R) HD Graphics 4400 (HSW GT2)
[    50.196] (II) modeset(0): glamor initialized
[    50.196] (==) modeset(0): VariableRefresh: disabled
[    50.196] (==) modeset(0): AsyncFlipSecondaries: disabled
[    50.209] (II) modeset(0): Output VGA-1 has no monitor section
[    50.223] (II) modeset(0): EDID for output VGA-1
[    50.223] (II) modeset(0): Manufacturer: DEL  Model: 4012  Serial#: 1095062838
[    50.223] (II) modeset(0): Year: 2006  Week: 42
[    50.223] (II) modeset(0): EDID Version: 1.3
[    50.223] (II) modeset(0): Analog Display Input,  Input Voltage Level: 0.700/0.300 V
[    50.223] (II) modeset(0): Sync:  Separate  Composite  SyncOnGreen
[    50.223] (II) modeset(0): Max Image Size [cm]: horiz.: 34  vert.: 27
[    50.223] (II) modeset(0): Gamma: 2.20
[    50.223] (II) modeset(0): DPMS capabilities: StandBy Suspend Off; RGB/Color Display
[    50.223] (II) modeset(0): Default color space is primary color space
[    50.223] (II) modeset(0): First detailed timing is preferred mode
[    50.223] (II) modeset(0): redX: 0.650 redY: 0.330   greenX: 0.300 greenY: 0.600
[    50.223] (II) modeset(0): blueX: 0.150 blueY: 0.080   whiteX: 0.313 whiteY: 0.329
[    50.223] (II) modeset(0): Supported established timings:
[    50.223] (II) modeset(0): 720x400@70Hz
[    50.223] (II) modeset(0): 640x480@60Hz
[    50.223] (II) modeset(0): 640x480@75Hz
[    50.223] (II) modeset(0): 800x600@60Hz
[    50.223] (II) modeset(0): 800x600@75Hz
[    50.223] (II) modeset(0): 1024x768@60Hz
[    50.223] (II) modeset(0): 1024x768@75Hz
[    50.223] (II) modeset(0): 1280x1024@75Hz
[    50.223] (II) modeset(0): Manufacturer's mask: 0
[    50.223] (II) modeset(0): Supported standard timings:
[    50.223] (II) modeset(0): #0: hsize: 1152  vsize 864  refresh: 75  vid: 20337
[    50.223] (II) modeset(0): #1: hsize: 1280  vsize 1024  refresh: 60  vid: 32897
[    50.224] (II) modeset(0): Supported detailed timing:
[    50.224] (II) modeset(0): clock: 108.0 MHz   Image Size:  338 x 270 mm
[    50.224] (II) modeset(0): h_active: 1280  h_sync: 1328  h_sync_end 1440 h_blank_end 1688 h_border: 0
[    50.224] (II) modeset(0): v_active: 1024  v_sync: 1025  v_sync_end 1028 v_blanking: 1066 v_border: 0
[    50.224] (II) modeset(0): Serial No: FK9436AGAEU6
[    50.224] (II) modeset(0): Monitor name: DELL 1707FP
[    50.224] (II) modeset(0): Ranges: V min: 56 V max: 76 Hz, H min: 30 H max: 81 kHz, PixClock max 145 MHz
[    50.224] (II) modeset(0): EDID (in hex):
[    50.224] (II) modeset(0): 	00ffffffffffff0010ac124036554541
[    50.224] (II) modeset(0): 	2a1001030e221b78eeaea5a6544c9926
[    50.224] (II) modeset(0): 	145054a54b00714f8180010101010101
[    50.224] (II) modeset(0): 	010101010101302a009851002a403070
[    50.224] (II) modeset(0): 	1300520e1100001e000000ff00464b39
[    50.224] (II) modeset(0): 	3433364147414555360a000000fc0044
[    50.224] (II) modeset(0): 	454c4c203137303746500a20000000fd
[    50.224] (II) modeset(0): 	00384c1e510e000a202020202020009f
[    50.224] (II) modeset(0): Printing probed modes for output VGA-1
[    50.224] (II) modeset(0): Modeline "1280x1024"x60.0  108.00  1280 1328 1440 1688  1024 1025 1028 1066 +hsync +vsync (64.0 kHz eP)
[    50.224] (II) modeset(0): Modeline "1280x1024"x75.0  135.00  1280 1296 1440 1688  1024 1025 1028 1066 +hsync +vsync (80.0 kHz e)
[    50.224] (II) modeset(0): Modeline "1152x864"x75.0  108.00  1152 1216 1344 1600  864 865 868 900 +hsync +vsync (67.5 kHz e)
[    50.224] (II) modeset(0): Modeline "1024x768"x75.0   78.75  1024 1040 1136 1312  768 769 772 800 +hsync +vsync (60.0 kHz e)
[    50.224] (II) modeset(0): Modeline "1024x768"x60.0   65.00  1024 1048 1184 1344  768 771 777 806 -hsync -vsync (48.4 kHz e)
[    50.224] (II) modeset(0): Modeline "800x600"x75.0   49.50  800 816 896 1056  600 601 604 625 +hsync +vsync (46.9 kHz e)
[    50.224] (II) modeset(0): Modeline "800x600"x60.3   40.00  800 840 968 1056  600 601 605 628 +hsync +vsync (37.9 kHz e)
[    50.224] (II) modeset(0): Modeline "640x480"x75.0   31.50  640 656 720 840  480 481 484 500 -hsync -vsync (37.5 kHz e)
[    50.224] (II) modeset(0): Modeline "640x480"x59.9   25.18  640 656 752 800  480 490 492 525 -hsync -vsync (31.5 kHz e)
[    50.224] (II) modeset(0): Modeline "720x400"x70.1   28.32  720 738 846 900  400 412 414 449 -hsync +vsync (31.5 kHz e)
[    50.224] (II) modeset(0): Output VGA-1 connected
[    50.224] (II) modeset(0): Using exact sizes for initial modes
[    50.224] (II) modeset(0): Output VGA-1 using initial mode 1280x1024 +0+0
[    50.224] (==) modeset(0): Using gamma correction (1.0, 1.0, 1.0)
[    50.224] (==) modeset(0): DPI set to (96, 96)
[    50.224] (II) Loading sub module "fb"
[    50.224] (II) LoadModule: "fb"
[    50.224] (II) Module "fb" already built-in
[    50.553] (==) modeset(0): Backing store enabled
[    50.553] (==) modeset(0): Silken mouse enabled
[    50.569] (II) modeset(0): Initializing kms color map for depth 24, 8 bpc.
[    50.569] (==) modeset(0): DPMS enabled
[    50.569] (II) modeset(0): [DRI2] Setup complete
[    50.569] (II) modeset(0): [DRI2]   DRI driver: crocus
[    50.569] (II) modeset(0): [DRI2]   VDPAU driver: va_gl
[    50.569] (II) Initializing extension Generic Event Extension
[    50.569] (II) Initializing extension SHAPE
[    50.569] (II) Initializing extension MIT-SHM
[    50.569] (II) Initializing extension XInputExtension
[    50.569] (II) Initializing extension XTEST
[    50.570] (II) Initializing extension BIG-REQUESTS
[    50.570] (II) Initializing extension SYNC
[    50.570] (II) Initializing extension XKEYBOARD
[    50.570] (II) Initializing extension XC-MISC
[    50.570] (II) Initializing extension SECURITY
[    50.570] (II) Initializing extension XFIXES
[    50.570] (II) Initializing extension RENDER
[    50.570] (II) Initializing extension RANDR
[    50.570] (II) Initializing extension COMPOSITE
[    50.570] (II) Initializing extension DAMAGE
[    50.570] (II) Initializing extension MIT-SCREEN-SAVER
[    50.570] (II) Initializing extension DOUBLE-BUFFER
[    50.570] (II) Initializing extension RECORD
[    50.570] (II) Initializing extension DPMS
[    50.571] (II) Initializing extension Present
[    50.571] (II) Initializing extension DRI3
[    50.571] (II) Initializing extension X-Resource
[    50.571] (II) Initializing extension XVideo
[    50.571] (II) Initializing extension XVideo-MotionCompensation
[    50.571] (II) Initializing extension GLX
[    50.575] (II) AIGLX: Loaded and initialized crocus
[    50.575] (II) GLX: Initialized DRI2 GL provider for screen 0
[    50.575] (II) Initializing extension XFree86-VidModeExtension
[    50.575] (II) Initializing extension XFree86-DGA
[    50.575] (II) Initializing extension XFree86-DRI
[    50.575] (II) Initializing extension DRI2
[    50.575] (II) modeset(0): Damage tracking initialized
[    50.575] (II) modeset(0): Setting screen physical size to 338 x 270
[    50.762] (II) config/udev: Adding input device Power Button (/dev/input/event1)
[    50.762] (**) Power Button: Applying InputClass "libinput keyboard catchall"
[    50.762] (**) Power Button: Applying InputClass "system-keyboard"
[    50.762] (II) LoadModule: "libinput"
[    50.762] (II) Loading /usr/lib/xorg/modules/input/libinput_drv.so
[    50.784] (II) Module libinput: vendor="X.Org Foundation"
[    50.784] 	compiled for 1.21.1.8, module version = 1.4.0
[    50.784] 	Module class: X.Org XInput Driver
[    50.784] 	ABI class: X.Org XInput driver, version 24.4
[    50.784] (II) Using input driver 'libinput' for 'Power Button'
[    50.785] (II) systemd-logind: got fd for /dev/input/event1 13:65 fd 27 paused 0
[    50.785] (**) Power Button: always reports core events
[    50.785] (**) Option "Device" "/dev/input/event1"
[    50.818] (II) event1  - Power Button: is tagged by udev as: Keyboard
[    50.818] (II) event1  - Power Button: device is a keyboard
[    50.818] (II) event1  - Power Button: device removed
[    50.818] (**) Option "config_info" "udev:/sys/devices/LNXSYSTM:00/LNXPWRBN:00/input/input1/event1"
[    50.818] (II) XINPUT: Adding extended input device "Power Button" (type: KEYBOARD, id 6)
[    50.818] (**) Option "xkb_model" "pc105+inet"
[    50.818] (**) Option "xkb_layout" "us"
[    50.818] (**) Option "xkb_options" "terminate:ctrl_alt_bksp"
[    50.843] (II) event1  - Power Button: is tagged by udev as: Keyboard
[    50.843] (II) event1  - Power Button: device is a keyboard
[    50.844] (II) config/udev: Adding input device Video Bus (/dev/input/event8)
[    50.844] (**) Video Bus: Applying InputClass "libinput keyboard catchall"
[    50.844] (**) Video Bus: Applying InputClass "system-keyboard"
[    50.844] (II) Using input driver 'libinput' for 'Video Bus'
[    50.844] (II) systemd-logind: got fd for /dev/input/event8 13:72 fd 30 paused 0
[    50.844] (**) Video Bus: always reports core events
[    50.845] (**) Option "Device" "/dev/input/event8"
[    50.845] (II) event8  - Video Bus: is tagged by udev as: Keyboard
[    50.845] (II) event8  - Video Bus: device is a keyboard
[    50.845] (II) event8  - Video Bus: device removed
[    50.845] (**) Option "config_info" "udev:/sys/devices/LNXSYSTM:00/LNXSYBUS:00/PNP0A08:00/LNXVIDEO:00/input/input9/event8"
[    50.845] (II) XINPUT: Adding extended input device "Video Bus" (type: KEYBOARD, id 7)
[    50.845] (**) Option "xkb_model" "pc105+inet"
[    50.845] (**) Option "xkb_layout" "us"
[    50.845] (**) Option "xkb_options" "terminate:ctrl_alt_bksp"
[    50.846] (II) event8  - Video Bus: is tagged by udev as: Keyboard
[    50.846] (II) event8  - Video Bus: device is a keyboard
[    50.847] (II) config/udev: Adding input device Power Button (/dev/input/event0)
[    50.847] (**) Power Button: Applying InputClass "libinput keyboard catchall"
[    50.847] (**) Power Button: Applying InputClass "system-keyboard"
[    50.847] (II) Using input driver 'libinput' for 'Power Button'
[    50.847] (II) systemd-logind: got fd for /dev/input/event0 13:64 fd 31 paused 0
[    50.847] (**) Power Button: always reports core events
[    50.847] (**) Option "Device" "/dev/input/event0"
[    50.848] (II) event0  - Power Button: is tagged by udev as: Keyboard
[    50.848] (II) event0  - Power Button: device is a keyboard
[    50.848] (II) event0  - Power Button: device removed
[    50.848] (**) Option "config_info" "udev:/sys/devices/LNXSYSTM:00/LNXSYBUS:00/PNP0C0C:00/input/input0/event0"
[    50.848] (II) XINPUT: Adding extended input device "Power Button" (type: KEYBOARD, id 8)
[    50.848] (**) Option "xkb_model" "pc105+inet"
[    50.848] (**) Option "xkb_layout" "us"
[    50.848] (**) Option "xkb_options" "terminate:ctrl_alt_bksp"
[    50.848] (II) event0  - Power Button: is tagged by udev as: Keyboard
[    50.848] (II) event0  - Power Button: device is a keyboard
[    50.849] (II) config/udev: Adding input device HDA Intel HDMI HDMI/DP,pcm=3 (/dev/input/event9)
[    50.849] (II) No input driver specified, ignoring this device.
[    50.849] (II) This device may have been added with another device file.
[    50.849] (II) config/udev: Adding input device HDA Intel HDMI HDMI/DP,pcm=7 (/dev/input/event10)
[    50.849] (II) No input driver specified, ignoring this device.
[    50.849] (II) This device may have been added with another device file.
[    50.849] (II) config/udev: Adding input device HDA Intel HDMI HDMI/DP,pcm=8 (/dev/input/event11)
[    50.850] (II) No input driver specified, ignoring this device.
[    50.850] (II) This device may have been added with another device file.
[    50.850] (II) config/udev: Adding input device Logitech USB Optical Mouse (/dev/input/event2)
[    50.850] (**) Logitech USB Optical Mouse: Applying InputClass "libinput pointer catchall"
[    50.850] (II) Using input driver 'libinput' for 'Logitech USB Optical Mouse'
[    50.851] (II) systemd-logind: got fd for /dev/input/event2 13:66 fd 32 paused 0
[    50.851] (**) Logitech USB Optical Mouse: always reports core events
[    50.851] (**) Option "Device" "/dev/input/event2"
[    50.852] (II) event2  - Logitech USB Optical Mouse: is tagged by udev as: Mouse
[    50.852] (II) event2  - Logitech USB Optical Mouse: device is a pointer
[    50.852] (II) event2  - Logitech USB Optical Mouse: device removed
[    50.852] (II) libinput: Logitech USB Optical Mouse: Step value 0 was provided, libinput Fallback acceleration function is used.
[    50.852] (II) libinput: Logitech USB Optical Mouse: Step value 0 was provided, libinput Fallback acceleration function is used.
[    50.852] (II) libinput: Logitech USB Optical Mouse: Step value 0 was provided, libinput Fallback acceleration function is used.
[    50.852] (**) Option "config_info" "udev:/sys/devices/pci0000:00/0000:00:14.0/usb3/3-1/3-1:1.0/0003:046D:C077.0001/input/input2/event2"
[    50.852] (II) XINPUT: Adding extended input device "Logitech USB Optical Mouse" (type: MOUSE, id 9)
[    50.852] (**) Option "AccelerationScheme" "none"
[    50.852] (**) Logitech USB Optical Mouse: (accel) selected scheme none/0
[    50.852] (**) Logitech USB Optical Mouse: (accel) acceleration factor: 2.000
[    50.852] (**) Logitech USB Optical Mouse: (accel) acceleration threshold: 4
[    50.853] (II) event2  - Logitech USB Optical Mouse: is tagged by udev as: Mouse
[    50.853] (II) event2  - Logitech USB Optical Mouse: device is a pointer
[    50.854] (II) config/udev: Adding input device Logitech USB Optical Mouse (/dev/input/mouse0)
[    50.854] (II) No input driver specified, ignoring this device.
[    50.854] (II) This device may have been added with another device file.
[    50.854] (II) config/udev: Adding input device 2.4G RF Keyboard & Mouse (/dev/input/event3)
[    50.854] (**) 2.4G RF Keyboard & Mouse: Applying InputClass "libinput keyboard catchall"
[    50.854] (**) 2.4G RF Keyboard & Mouse: Applying InputClass "system-keyboard"
[    50.854] (II) Using input driver 'libinput' for '2.4G RF Keyboard & Mouse'
[    50.855] (II) systemd-logind: got fd for /dev/input/event3 13:67 fd 33 paused 0
[    50.855] (**) 2.4G RF Keyboard & Mouse: always reports core events
[    50.855] (**) Option "Device" "/dev/input/event3"
[    50.856] (II) event3  - 2.4G RF Keyboard & Mouse: is tagged by udev as: Keyboard
[    50.856] (II) event3  - 2.4G RF Keyboard & Mouse: device is a keyboard
[    50.856] (II) event3  - 2.4G RF Keyboard & Mouse: device removed
[    50.856] (**) Option "config_info" "udev:/sys/devices/pci0000:00/0000:00:14.0/usb3/3-6/3-6:1.0/0003:1EA7:0002.0002/input/input3/event3"
[    50.856] (II) XINPUT: Adding extended input device "2.4G RF Keyboard & Mouse" (type: KEYBOARD, id 10)
[    50.856] (**) Option "xkb_model" "pc105+inet"
[    50.856] (**) Option "xkb_layout" "us"
[    50.856] (**) Option "xkb_options" "terminate:ctrl_alt_bksp"
[    50.857] (II) event3  - 2.4G RF Keyboard & Mouse: is tagged by udev as: Keyboard
[    50.857] (II) event3  - 2.4G RF Keyboard & Mouse: device is a keyboard
[    50.858] (II) config/udev: Adding input device 2.4G RF Keyboard & Mouse (/dev/input/event4)
[    50.858] (II) No input driver specified, ignoring this device.
[    50.858] (II) This device may have been added with another device file.
[    50.858] (II) config/udev: Adding input device 2.4G RF Keyboard & Mouse (/dev/input/event5)
[    50.858] (**) 2.4G RF Keyboard & Mouse: Applying InputClass "libinput pointer catchall"
[    50.858] (II) Using input driver 'libinput' for '2.4G RF Keyboard & Mouse'
[    50.859] (II) systemd-logind: got fd for /dev/input/event5 13:69 fd 34 paused 0
[    50.859] (**) 2.4G RF Keyboard & Mouse: always reports core events
[    50.859] (**) Option "Device" "/dev/input/event5"
[    50.860] (II) event5  - 2.4G RF Keyboard & Mouse: is tagged by udev as: Mouse
[    50.860] (II) event5  - 2.4G RF Keyboard & Mouse: device is a pointer
[    50.860] (II) event5  - 2.4G RF Keyboard & Mouse: device removed
[    50.860] (II) libinput: 2.4G RF Keyboard & Mouse: Step value 0 was provided, libinput Fallback acceleration function is used.
[    50.860] (II) libinput: 2.4G RF Keyboard & Mouse: Step value 0 was provided, libinput Fallback acceleration function is used.
[    50.860] (II) libinput: 2.4G RF Keyboard & Mouse: Step value 0 was provided, libinput Fallback acceleration function is used.
[    50.860] (**) Option "config_info" "udev:/sys/devices/pci0000:00/0000:00:14.0/usb3/3-6/3-6:1.1/0003:1EA7:0002.0003/input/input5/event5"
[    50.860] (II) XINPUT: Adding extended input device "2.4G RF Keyboard & Mouse" (type: MOUSE, id 11)
[    50.860] (**) Option "AccelerationScheme" "none"
[    50.860] (**) 2.4G RF Keyboard & Mouse: (accel) selected scheme none/0
[    50.860] (**) 2.4G RF Keyboard & Mouse: (accel) acceleration factor: 2.000
[    50.860] (**) 2.4G RF Keyboard & Mouse: (accel) acceleration threshold: 4
[    50.861] (II) event5  - 2.4G RF Keyboard & Mouse: is tagged by udev as: Mouse
[    50.861] (II) event5  - 2.4G RF Keyboard & Mouse: device is a pointer
[    50.862] (II) config/udev: Adding input device 2.4G RF Keyboard & Mouse (/dev/input/mouse1)
[    50.862] (II) No input driver specified, ignoring this device.
[    50.862] (II) This device may have been added with another device file.
[    50.863] (II) config/udev: Adding input device 2.4G RF Keyboard & Mouse Keyboard (/dev/input/event6)
[    50.863] (**) 2.4G RF Keyboard & Mouse Keyboard: Applying InputClass "libinput keyboard catchall"
[    50.863] (**) 2.4G RF Keyboard & Mouse Keyboard: Applying InputClass "system-keyboard"
[    50.863] (II) Using input driver 'libinput' for '2.4G RF Keyboard & Mouse Keyboard'
[    50.863] (II) systemd-logind: got fd for /dev/input/event6 13:70 fd 35 paused 0
[    50.863] (**) 2.4G RF Keyboard & Mouse Keyboard: always reports core events
[    50.863] (**) Option "Device" "/dev/input/event6"
[    50.864] (II) event6  - 2.4G RF Keyboard & Mouse Keyboard: is tagged by udev as: Keyboard
[    50.864] (II) event6  - 2.4G RF Keyboard & Mouse Keyboard: device is a keyboard
[    50.864] (II) event6  - 2.4G RF Keyboard & Mouse Keyboard: device removed
[    50.864] (II) libinput: 2.4G RF Keyboard & Mouse Keyboard: needs a virtual subdevice
[    50.864] (**) Option "config_info" "udev:/sys/devices/pci0000:00/0000:00:14.0/usb3/3-6/3-6:1.1/0003:1EA7:0002.0003/input/input6/event6"
[    50.864] (II) XINPUT: Adding extended input device "2.4G RF Keyboard & Mouse Keyboard" (type: MOUSE, id 12)
[    50.864] (**) Option "AccelerationScheme" "none"
[    50.864] (**) 2.4G RF Keyboard & Mouse Keyboard: (accel) selected scheme none/0
[    50.864] (**) 2.4G RF Keyboard & Mouse Keyboard: (accel) acceleration factor: 2.000
[    50.864] (**) 2.4G RF Keyboard & Mouse Keyboard: (accel) acceleration threshold: 4
[    50.865] (II) event6  - 2.4G RF Keyboard & Mouse Keyboard: is tagged by udev as: Keyboard
[    50.865] (II) event6  - 2.4G RF Keyboard & Mouse Keyboard: device is a keyboard
[    50.866] (II) config/udev: Adding input device HDA Intel PCH Rear Mic (/dev/input/event12)
[    50.866] (II) No input driver specified, ignoring this device.
[    50.866] (II) This device may have been added with another device file.
[    50.866] (II) config/udev: Adding input device HDA Intel PCH Front Mic (/dev/input/event13)
[    50.866] (II) No input driver specified, ignoring this device.
[    50.866] (II) This device may have been added with another device file.
[    50.866] (II) config/udev: Adding input device HDA Intel PCH Line (/dev/input/event14)
[    50.866] (II) No input driver specified, ignoring this device.
[    50.866] (II) This device may have been added with another device file.
[    50.867] (II) config/udev: Adding input device HDA Intel PCH Line Out (/dev/input/event15)
[    50.867] (II) No input driver specified, ignoring this device.
[    50.867] (II) This device may have been added with another device file.
[    50.867] (II) config/udev: Adding input device PC Speaker (/dev/input/event7)
[    50.867] (II) No input driver specified, ignoring this device.
[    50.867] (II) This device may have been added with another device file.
[    50.886] (**) 2.4G RF Keyboard & Mouse Keyboard: Applying InputClass "libinput keyboard catchall"
[    50.886] (**) 2.4G RF Keyboard & Mouse Keyboard: Applying InputClass "system-keyboard"
[    50.886] (II) Using input driver 'libinput' for '2.4G RF Keyboard & Mouse Keyboard'
[    50.886] (II) systemd-logind: returning pre-existing fd for /dev/input/event6 13:70
[    50.886] (**) 2.4G RF Keyboard & Mouse Keyboard: always reports core events
[    50.886] (**) Option "Device" "/dev/input/event6"
[    50.886] (II) libinput: 2.4G RF Keyboard & Mouse Keyboard: is a virtual subdevice
[    50.886] (**) Option "config_info" "udev:/sys/devices/pci0000:00/0000:00:14.0/usb3/3-6/3-6:1.1/0003:1EA7:0002.0003/input/input6/event6"
[    50.886] (II) XINPUT: Adding extended input device "2.4G RF Keyboard & Mouse Keyboard" (type: KEYBOARD, id 13)
[    50.886] (**) Option "xkb_model" "pc105+inet"
[    50.886] (**) Option "xkb_layout" "us"
[    50.886] (**) Option "xkb_options" "terminate:ctrl_alt_bksp"
[    51.952] (II) modeset(0): EDID vendor "DEL", prod id 16402
[    51.952] (II) modeset(0): Using EDID range info for horizontal sync
[    51.952] (II) modeset(0): Using EDID range info for vertical refresh
[    51.952] (II) modeset(0): Printing DDC gathered Modelines:
[    51.952] (II) modeset(0): Modeline "1280x1024"x0.0  108.00  1280 1328 1440 1688  1024 1025 1028 1066 +hsync +vsync (64.0 kHz eP)
[    51.952] (II) modeset(0): Modeline "800x600"x0.0   40.00  800 840 968 1056  600 601 605 628 +hsync +vsync (37.9 kHz e)
[    51.952] (II) modeset(0): Modeline "640x480"x0.0   31.50  640 656 720 840  480 481 484 500 -hsync -vsync (37.5 kHz e)
[    51.952] (II) modeset(0): Modeline "640x480"x0.0   25.18  640 656 752 800  480 490 492 525 -hsync -vsync (31.5 kHz e)
[    51.952] (II) modeset(0): Modeline "720x400"x0.0   28.32  720 738 846 900  400 412 414 449 -hsync +vsync (31.5 kHz e)
[    51.952] (II) modeset(0): Modeline "1280x1024"x0.0  135.00  1280 1296 1440 1688  1024 1025 1028 1066 +hsync +vsync (80.0 kHz e)
[    51.952] (II) modeset(0): Modeline "1024x768"x0.0   78.75  1024 1040 1136 1312  768 769 772 800 +hsync +vsync (60.0 kHz e)
[    51.952] (II) modeset(0): Modeline "1024x768"x0.0   65.00  1024 1048 1184 1344  768 771 777 806 -hsync -vsync (48.4 kHz e)
[    51.952] (II) modeset(0): Modeline "800x600"x0.0   49.50  800 816 896 1056  600 601 604 625 +hsync +vsync (46.9 kHz e)
[    51.952] (II) modeset(0): Modeline "1152x864"x0.0  108.00  1152 1216 1344 1600  864 865 868 900 +hsync +vsync (67.5 kHz e)
