2024-02-02 15:32:56.879 [error] [uncaught exception in sharedProcess]: Event not found: onDidChange: CodeExpectedError: Event not found: onDidChange
    at Object.listen (/opt/visual-studio-code/resources/app/out/vs/code/node/sharedProcess/sharedProcessMain.js:45:4959)
    at E.t (/opt/visual-studio-code/resources/app/out/vs/code/node/sharedProcess/sharedProcessMain.js:44:251)
    at E.q (/opt/visual-studio-code/resources/app/out/vs/code/node/sharedProcess/sharedProcessMain.js:43:4371)
    at w.value (/opt/visual-studio-code/resources/app/out/vs/code/node/sharedProcess/sharedProcessMain.js:43:3602)
    at d.y (/opt/visual-studio-code/resources/app/out/vs/code/node/sharedProcess/sharedProcessMain.js:38:1902)
    at d.z (/opt/visual-studio-code/resources/app/out/vs/code/node/sharedProcess/sharedProcessMain.js:38:1972)
    at d.fire (/opt/visual-studio-code/resources/app/out/vs/code/node/sharedProcess/sharedProcessMain.js:38:2188)
    at MessagePortMain.de (/opt/visual-studio-code/resources/app/out/vs/code/node/sharedProcess/sharedProcessMain.js:36:30422)
    at MessagePortMain.emit (node:events:514:28)
    at Object.emit (node:electron/js2c/utility_init:2:2285)
2024-02-02 15:34:01.770 [info] Getting Manifest... esbenp.prettier-vscode
2024-02-02 15:34:01.770 [info] Getting Manifest... vscode-icons-team.vscode-icons
2024-02-02 15:34:01.770 [info] Getting Manifest... ms-vscode-remote.remote-wsl
2024-02-02 15:34:01.771 [info] Getting Manifest... ms-vscode.cpptools-themes
2024-02-02 15:34:01.771 [info] Getting Manifest... bracketpaircolordlw.bracket-pair-color-dlw
2024-02-02 15:34:01.771 [info] Getting Manifest... twxs.cmake
2024-02-02 15:34:01.772 [info] Getting Manifest... ms-vscode.cpptools-extension-pack
2024-02-02 15:34:01.772 [info] Getting Manifest... ms-vscode.remote-repositories
2024-02-02 15:34:01.772 [info] Getting Manifest... github.remotehub
2024-02-02 15:34:01.772 [info] Getting Manifest... heyitschun.ghibli-syntax-themes
2024-02-02 15:34:01.772 [info] Getting Manifest... formulahendry.code-runner
2024-02-02 15:34:01.772 [info] Getting Manifest... ms-vscode.cpptools
2024-02-02 15:34:01.773 [info] Getting Manifest... ms-vscode.cmake-tools
2024-02-02 15:34:01.886 [info] Installing extension: esbenp.prettier-vscode
2024-02-02 15:34:01.887 [info] Installing the extension without checking dependencies and pack esbenp.prettier-vscode
2024-02-02 15:34:01.887 [info] Installing extension: ms-vscode.remote-repositories
2024-02-02 15:34:01.887 [info] Installing the extension without checking dependencies and pack ms-vscode.remote-repositories
2024-02-02 15:34:01.888 [info] Installing extension: ms-vscode.cpptools-themes
2024-02-02 15:34:01.888 [info] Installing the extension without checking dependencies and pack ms-vscode.cpptools-themes
2024-02-02 15:34:01.888 [info] Installing extension: vscode-icons-team.vscode-icons
2024-02-02 15:34:01.888 [info] Installing the extension without checking dependencies and pack vscode-icons-team.vscode-icons
2024-02-02 15:34:01.889 [info] Installing extension: github.remotehub
2024-02-02 15:34:01.889 [info] Installing the extension without checking dependencies and pack github.remotehub
2024-02-02 15:34:01.889 [info] Installing extension: ms-vscode.cpptools-extension-pack
2024-02-02 15:34:01.889 [info] Installing the extension without checking dependencies and pack ms-vscode.cpptools-extension-pack
2024-02-02 15:34:01.890 [info] Installing extension: ms-vscode.cpptools
2024-02-02 15:34:01.890 [info] Installing the extension without checking dependencies and pack ms-vscode.cpptools
2024-02-02 15:34:01.890 [info] Installing extension: ms-vscode-remote.remote-wsl
2024-02-02 15:34:01.890 [info] Installing the extension without checking dependencies and pack ms-vscode-remote.remote-wsl
2024-02-02 15:34:01.890 [info] Installing extension: ms-vscode.cmake-tools
2024-02-02 15:34:01.890 [info] Installing the extension without checking dependencies and pack ms-vscode.cmake-tools
2024-02-02 15:34:01.890 [info] Installing extension: bracketpaircolordlw.bracket-pair-color-dlw
2024-02-02 15:34:01.890 [info] Installing the extension without checking dependencies and pack bracketpaircolordlw.bracket-pair-color-dlw
2024-02-02 15:34:01.891 [info] Installing extension: twxs.cmake
2024-02-02 15:34:01.891 [info] Installing the extension without checking dependencies and pack twxs.cmake
2024-02-02 15:34:01.891 [info] Installing extension: formulahendry.code-runner
2024-02-02 15:34:01.891 [info] Installing the extension without checking dependencies and pack formulahendry.code-runner
2024-02-02 15:34:01.891 [info] Installing extension: heyitschun.ghibli-syntax-themes
2024-02-02 15:34:01.892 [info] Installing the extension without checking dependencies and pack heyitschun.ghibli-syntax-themes
2024-02-02 15:34:05.981 [warning] Extension signature verification failed with error 'UnknownError': ms-vscode.cpptools-extension-pack
2024-02-02 15:34:05.982 [warning] Extension signature verification failed with error 'UnknownError': esbenp.prettier-vscode
2024-02-02 15:34:05.982 [warning] Extension signature verification failed with error 'UnknownError': ms-vscode.cmake-tools
2024-02-02 15:34:05.982 [warning] Extension signature verification failed with error 'UnknownError': formulahendry.code-runner
2024-02-02 15:34:05.984 [warning] Extension signature verification failed with error 'UnknownError': ms-vscode.remote-repositories
2024-02-02 15:34:05.985 [warning] Extension signature verification failed with error 'UnknownError': github.remotehub
2024-02-02 15:34:05.986 [warning] Extension signature verification failed with error 'UnknownError': ms-vscode.cpptools-themes
2024-02-02 15:34:05.986 [warning] Extension signature verification failed with error 'UnknownError': vscode-icons-team.vscode-icons
2024-02-02 15:34:06.090 [warning] Extension signature verification failed with error 'UnknownError': ms-vscode-remote.remote-wsl
2024-02-02 15:34:06.208 [warning] Extension signature verification failed with error 'UnknownError': heyitschun.ghibli-syntax-themes
2024-02-02 15:34:06.212 [warning] Extension signature verification failed with error 'UnknownError': bracketpaircolordlw.bracket-pair-color-dlw
2024-02-02 15:34:06.265 [info] Extracted extension to file:///home/kami/.vscode/extensions/ms-vscode.cpptools-extension-pack-1.3.0: ms-vscode.cpptools-extension-pack
2024-02-02 15:34:06.325 [info] Renamed to /home/kami/.vscode/extensions/ms-vscode.cpptools-extension-pack-1.3.0
2024-02-02 15:34:06.337 [info] Extracting extension completed. ms-vscode.cpptools-extension-pack
2024-02-02 15:34:06.409 [info] Extracted extension to file:///home/kami/.vscode/extensions/bracketpaircolordlw.bracket-pair-color-dlw-0.0.6: bracketpaircolordlw.bracket-pair-color-dlw
2024-02-02 15:34:06.448 [info] Extension installed successfully: ms-vscode.cpptools-extension-pack
2024-02-02 15:34:06.475 [info] Extracted extension to file:///home/kami/.vscode/extensions/ms-vscode.cpptools-themes-2.0.0: ms-vscode.cpptools-themes
2024-02-02 15:34:06.485 [info] Renamed to /home/kami/.vscode/extensions/bracketpaircolordlw.bracket-pair-color-dlw-0.0.6
2024-02-02 15:34:06.492 [info] Extracting extension completed. bracketpaircolordlw.bracket-pair-color-dlw
2024-02-02 15:34:06.519 [info] Renamed to /home/kami/.vscode/extensions/ms-vscode.cpptools-themes-2.0.0
2024-02-02 15:34:06.528 [info] Extracting extension completed. ms-vscode.cpptools-themes
2024-02-02 15:34:06.541 [info] Extracted extension to file:///home/kami/.vscode/extensions/heyitschun.ghibli-syntax-themes-0.2.7: heyitschun.ghibli-syntax-themes
2024-02-02 15:34:06.554 [info] Extension installed successfully: bracketpaircolordlw.bracket-pair-color-dlw
2024-02-02 15:34:06.604 [info] Renamed to /home/kami/.vscode/extensions/heyitschun.ghibli-syntax-themes-0.2.7
2024-02-02 15:34:06.617 [info] Extracting extension completed. heyitschun.ghibli-syntax-themes
2024-02-02 15:34:06.624 [info] Extension installed successfully: ms-vscode.cpptools-themes
2024-02-02 15:34:06.725 [info] Extension installed successfully: heyitschun.ghibli-syntax-themes
2024-02-02 15:34:06.814 [info] Extracted extension to file:///home/kami/.vscode/extensions/github.remotehub-0.62.0: github.remotehub
2024-02-02 15:34:06.882 [info] Renamed to /home/kami/.vscode/extensions/github.remotehub-0.62.0
2024-02-02 15:34:06.931 [info] Extracting extension completed. github.remotehub
2024-02-02 15:34:06.980 [info] Extracted extension to file:///home/kami/.vscode/extensions/ms-vscode.remote-repositories-0.40.0: ms-vscode.remote-repositories
2024-02-02 15:34:07.019 [info] Extension installed successfully: github.remotehub
2024-02-02 15:34:07.045 [error] [uncaught exception in sharedProcess]: Error: ENOENT: no such file or directory, stat '/home/kami/.vscode/extensions/extensions.json.vsctmp': EntryNotFound (FileSystemError): Error: ENOENT: no such file or directory, stat '/home/kami/.vscode/extensions/extensions.json.vsctmp'
    at r.create (/opt/visual-studio-code/resources/app/out/vs/code/node/sharedProcess/sharedProcessMain.js:51:30119)
    at a (/opt/visual-studio-code/resources/app/out/vs/code/node/sharedProcess/sharedProcessMain.js:51:30234)
    at i.fb (/opt/visual-studio-code/resources/app/out/vs/code/node/sharedProcess/sharedProcessMain.js:56:36631)
    at i.stat (/opt/visual-studio-code/resources/app/out/vs/code/node/sharedProcess/sharedProcessMain.js:56:29077)
    at async v.stat (/opt/visual-studio-code/resources/app/out/vs/code/node/sharedProcess/sharedProcessMain.js:56:16223)
    at async Y.tb (/opt/visual-studio-code/resources/app/out/vs/code/node/sharedProcess/sharedProcessMain.js:102:108626)
2024-02-02 15:34:07.053 [info] Renamed to /home/kami/.vscode/extensions/ms-vscode.remote-repositories-0.40.0
2024-02-02 15:34:07.066 [info] Extracting extension completed. ms-vscode.remote-repositories
2024-02-02 15:34:07.133 [info] Extension installed successfully: ms-vscode.remote-repositories
2024-02-02 15:34:07.198 [info] Extracted extension to file:///home/kami/.vscode/extensions/ms-vscode-remote.remote-wsl-0.86.0: ms-vscode-remote.remote-wsl
2024-02-02 15:34:07.280 [info] Extracted extension to file:///home/kami/.vscode/extensions/esbenp.prettier-vscode-10.1.0: esbenp.prettier-vscode
2024-02-02 15:34:07.285 [info] Renamed to /home/kami/.vscode/extensions/ms-vscode-remote.remote-wsl-0.86.0
2024-02-02 15:34:07.301 [info] Extracting extension completed. ms-vscode-remote.remote-wsl
2024-02-02 15:34:07.354 [info] Renamed to /home/kami/.vscode/extensions/esbenp.prettier-vscode-10.1.0
2024-02-02 15:34:07.366 [info] Extracting extension completed. esbenp.prettier-vscode
2024-02-02 15:34:07.385 [info] Extension installed successfully: ms-vscode-remote.remote-wsl
2024-02-02 15:34:07.407 [error] [uncaught exception in sharedProcess]: Error: ENOENT: no such file or directory, stat '/home/kami/.vscode/extensions/extensions.json.vsctmp': EntryNotFound (FileSystemError): Error: ENOENT: no such file or directory, stat '/home/kami/.vscode/extensions/extensions.json.vsctmp'
    at r.create (/opt/visual-studio-code/resources/app/out/vs/code/node/sharedProcess/sharedProcessMain.js:51:30119)
    at a (/opt/visual-studio-code/resources/app/out/vs/code/node/sharedProcess/sharedProcessMain.js:51:30234)
    at i.fb (/opt/visual-studio-code/resources/app/out/vs/code/node/sharedProcess/sharedProcessMain.js:56:36631)
    at i.stat (/opt/visual-studio-code/resources/app/out/vs/code/node/sharedProcess/sharedProcessMain.js:56:29077)
    at async v.stat (/opt/visual-studio-code/resources/app/out/vs/code/node/sharedProcess/sharedProcessMain.js:56:16223)
    at async Y.tb (/opt/visual-studio-code/resources/app/out/vs/code/node/sharedProcess/sharedProcessMain.js:102:108626)
2024-02-02 15:34:07.439 [info] Extracted extension to file:///home/kami/.vscode/extensions/formulahendry.code-runner-0.12.1: formulahendry.code-runner
2024-02-02 15:34:07.469 [info] Extension installed successfully: esbenp.prettier-vscode
2024-02-02 15:34:07.505 [info] Renamed to /home/kami/.vscode/extensions/formulahendry.code-runner-0.12.1
2024-02-02 15:34:07.513 [info] Extracting extension completed. formulahendry.code-runner
2024-02-02 15:34:07.586 [info] Extracted extension to file:///home/kami/.vscode/extensions/ms-vscode.cmake-tools-1.16.32: ms-vscode.cmake-tools
2024-02-02 15:34:07.590 [info] Extension installed successfully: formulahendry.code-runner
2024-02-02 15:34:07.649 [info] Renamed to /home/kami/.vscode/extensions/ms-vscode.cmake-tools-1.16.32
2024-02-02 15:34:07.655 [warning] [cmake-tools]: Couldn't find message for key cmake-tools.configuration.cmake.options.advanced.statusBarVisibility.variant.description.
2024-02-02 15:34:07.657 [info] Extracting extension completed. ms-vscode.cmake-tools
2024-02-02 15:34:07.702 [info] Extension installed successfully: ms-vscode.cmake-tools
2024-02-02 15:34:08.513 [warning] Extension signature verification failed with error 'UnknownError': twxs.cmake
2024-02-02 15:34:08.889 [info] Extracted extension to file:///home/kami/.vscode/extensions/twxs.cmake-0.0.17: twxs.cmake
2024-02-02 15:34:08.939 [info] Renamed to /home/kami/.vscode/extensions/twxs.cmake-0.0.17
2024-02-02 15:34:08.941 [info] Extracted extension to file:///home/kami/.vscode/extensions/vscode-icons-team.vscode-icons-12.7.0: vscode-icons-team.vscode-icons
2024-02-02 15:34:08.943 [info] Extracting extension completed. twxs.cmake
2024-02-02 15:34:08.991 [info] Renamed to /home/kami/.vscode/extensions/vscode-icons-team.vscode-icons-12.7.0
2024-02-02 15:34:08.997 [info] Extracting extension completed. vscode-icons-team.vscode-icons
2024-02-02 15:34:09.019 [info] Extension installed successfully: twxs.cmake
2024-02-02 15:34:09.036 [error] [uncaught exception in sharedProcess]: Error: ENOENT: no such file or directory, stat '/home/kami/.vscode/extensions/extensions.json.vsctmp': EntryNotFound (FileSystemError): Error: ENOENT: no such file or directory, stat '/home/kami/.vscode/extensions/extensions.json.vsctmp'
    at r.create (/opt/visual-studio-code/resources/app/out/vs/code/node/sharedProcess/sharedProcessMain.js:51:30119)
    at a (/opt/visual-studio-code/resources/app/out/vs/code/node/sharedProcess/sharedProcessMain.js:51:30234)
    at i.fb (/opt/visual-studio-code/resources/app/out/vs/code/node/sharedProcess/sharedProcessMain.js:56:36631)
    at i.stat (/opt/visual-studio-code/resources/app/out/vs/code/node/sharedProcess/sharedProcessMain.js:56:29077)
    at async v.stat (/opt/visual-studio-code/resources/app/out/vs/code/node/sharedProcess/sharedProcessMain.js:56:16223)
    at async Y.tb (/opt/visual-studio-code/resources/app/out/vs/code/node/sharedProcess/sharedProcessMain.js:102:108626)
2024-02-02 15:34:09.080 [info] Extension installed successfully: vscode-icons-team.vscode-icons
2024-02-02 15:34:20.368 [warning] Extension signature verification failed with error 'UnknownError': ms-vscode.cpptools
2024-02-02 15:34:22.702 [info] Extracted extension to file:///home/kami/.vscode/extensions/ms-vscode.cpptools-1.18.5-linux-x64: ms-vscode.cpptools
2024-02-02 15:34:23.075 [info] Renamed to /home/kami/.vscode/extensions/ms-vscode.cpptools-1.18.5-linux-x64
2024-02-02 15:34:23.087 [info] Extracting extension completed. ms-vscode.cpptools
2024-02-02 15:34:23.289 [info] Extension installed successfully: ms-vscode.cpptools
2024-02-02 15:34:23.450 [warning] [cmake-tools]: Couldn't find message for key cmake-tools.configuration.cmake.options.advanced.statusBarVisibility.variant.description.
2024-02-02 15:34:26.076 [warning] [cmake-tools]: Couldn't find message for key cmake-tools.configuration.cmake.options.advanced.statusBarVisibility.variant.description.
2024-02-02 15:34:26.774 [warning] [cmake-tools]: Couldn't find message for key cmake-tools.configuration.cmake.options.advanced.statusBarVisibility.variant.description.
2024-02-02 15:35:05.625 [warning] [cmake-tools]: Couldn't find message for key cmake-tools.configuration.cmake.options.advanced.statusBarVisibility.variant.description.
2024-02-02 15:35:48.303 [warning] [cmake-tools]: Couldn't find message for key cmake-tools.configuration.cmake.options.advanced.statusBarVisibility.variant.description.
2024-02-02 15:36:21.554 [warning] [cmake-tools]: Couldn't find message for key cmake-tools.configuration.cmake.options.advanced.statusBarVisibility.variant.description.
2024-02-02 15:36:31.618 [warning] [cmake-tools]: Couldn't find message for key cmake-tools.configuration.cmake.options.advanced.statusBarVisibility.variant.description.
2024-02-02 15:36:32.272 [warning] [cmake-tools]: Couldn't find message for key cmake-tools.configuration.cmake.options.advanced.statusBarVisibility.variant.description.
2024-02-02 15:36:32.679 [warning] [cmake-tools]: Couldn't find message for key cmake-tools.configuration.cmake.options.advanced.statusBarVisibility.variant.description.
2024-02-02 15:36:32.728 [warning] [cmake-tools]: Couldn't find message for key cmake-tools.configuration.cmake.options.advanced.statusBarVisibility.variant.description.
2024-02-02 15:36:32.811 [warning] [cmake-tools]: Couldn't find message for key cmake-tools.configuration.cmake.options.advanced.statusBarVisibility.variant.description.
2024-02-02 15:36:32.938 [error] [uncaught exception in sharedProcess]: Event not found: onDidChange: CodeExpectedError: Event not found: onDidChange
    at Object.listen (/opt/visual-studio-code/resources/app/out/vs/code/node/sharedProcess/sharedProcessMain.js:45:4959)
    at E.t (/opt/visual-studio-code/resources/app/out/vs/code/node/sharedProcess/sharedProcessMain.js:44:251)
    at E.q (/opt/visual-studio-code/resources/app/out/vs/code/node/sharedProcess/sharedProcessMain.js:43:4371)
    at w.value (/opt/visual-studio-code/resources/app/out/vs/code/node/sharedProcess/sharedProcessMain.js:43:3602)
    at d.y (/opt/visual-studio-code/resources/app/out/vs/code/node/sharedProcess/sharedProcessMain.js:38:1902)
    at d.z (/opt/visual-studio-code/resources/app/out/vs/code/node/sharedProcess/sharedProcessMain.js:38:1972)
    at d.fire (/opt/visual-studio-code/resources/app/out/vs/code/node/sharedProcess/sharedProcessMain.js:38:2188)
    at MessagePortMain.de (/opt/visual-studio-code/resources/app/out/vs/code/node/sharedProcess/sharedProcessMain.js:36:30422)
    at MessagePortMain.emit (node:events:514:28)
    at Object.emit (node:electron/js2c/utility_init:2:2285)
2024-02-02 15:36:32.953 [warning] [cmake-tools]: Couldn't find message for key cmake-tools.configuration.cmake.options.advanced.statusBarVisibility.variant.description.
2024-02-02 15:36:33.067 [warning] [cmake-tools]: Couldn't find message for key cmake-tools.configuration.cmake.options.advanced.statusBarVisibility.variant.description.
2024-02-02 15:36:33.249 [warning] [cmake-tools]: Couldn't find message for key cmake-tools.configuration.cmake.options.advanced.statusBarVisibility.variant.description.
2024-02-02 15:36:33.433 [warning] [cmake-tools]: Couldn't find message for key cmake-tools.configuration.cmake.options.advanced.statusBarVisibility.variant.description.
2024-02-02 15:36:33.586 [warning] [cmake-tools]: Couldn't find message for key cmake-tools.configuration.cmake.options.advanced.statusBarVisibility.variant.description.
2024-02-02 15:36:33.701 [warning] [cmake-tools]: Couldn't find message for key cmake-tools.configuration.cmake.options.advanced.statusBarVisibility.variant.description.
2024-02-02 15:36:33.833 [warning] [cmake-tools]: Couldn't find message for key cmake-tools.configuration.cmake.options.advanced.statusBarVisibility.variant.description.
2024-02-02 15:36:34.549 [warning] [cmake-tools]: Couldn't find message for key cmake-tools.configuration.cmake.options.advanced.statusBarVisibility.variant.description.
2024-02-02 15:36:34.684 [warning] [cmake-tools]: Couldn't find message for key cmake-tools.configuration.cmake.options.advanced.statusBarVisibility.variant.description.
2024-02-02 15:36:34.709 [warning] [cmake-tools]: Couldn't find message for key cmake-tools.configuration.cmake.options.advanced.statusBarVisibility.variant.description.
2024-02-02 15:36:40.471 [warning] [cmake-tools]: Couldn't find message for key cmake-tools.configuration.cmake.options.advanced.statusBarVisibility.variant.description.
2024-02-02 15:37:08.231 [warning] [cmake-tools]: Couldn't find message for key cmake-tools.configuration.cmake.options.advanced.statusBarVisibility.variant.description.
2024-02-02 15:37:18.407 [warning] [cmake-tools]: Couldn't find message for key cmake-tools.configuration.cmake.options.advanced.statusBarVisibility.variant.description.
2024-02-02 15:39:27.828 [warning] [cmake-tools]: Couldn't find message for key cmake-tools.configuration.cmake.options.advanced.statusBarVisibility.variant.description.
2024-02-02 15:39:43.800 [warning] [cmake-tools]: Couldn't find message for key cmake-tools.configuration.cmake.options.advanced.statusBarVisibility.variant.description.
2024-02-02 15:40:40.098 [warning] [cmake-tools]: Couldn't find message for key cmake-tools.configuration.cmake.options.advanced.statusBarVisibility.variant.description.
2024-02-02 15:41:03.851 [warning] [cmake-tools]: Couldn't find message for key cmake-tools.configuration.cmake.options.advanced.statusBarVisibility.variant.description.
2024-02-02 15:41:34.925 [warning] [cmake-tools]: Couldn't find message for key cmake-tools.configuration.cmake.options.advanced.statusBarVisibility.variant.description.
2024-02-02 15:43:03.639 [warning] [cmake-tools]: Couldn't find message for key cmake-tools.configuration.cmake.options.advanced.statusBarVisibility.variant.description.
2024-02-02 15:46:34.988 [warning] [cmake-tools]: Couldn't find message for key cmake-tools.configuration.cmake.options.advanced.statusBarVisibility.variant.description.
2024-02-02 15:48:03.932 [warning] [cmake-tools]: Couldn't find message for key cmake-tools.configuration.cmake.options.advanced.statusBarVisibility.variant.description.
2024-02-02 15:48:42.484 [warning] [cmake-tools]: Couldn't find message for key cmake-tools.configuration.cmake.options.advanced.statusBarVisibility.variant.description.
2024-02-02 15:51:25.737 [warning] [cmake-tools]: Couldn't find message for key cmake-tools.configuration.cmake.options.advanced.statusBarVisibility.variant.description.
2024-02-02 15:51:35.038 [warning] [cmake-tools]: Couldn't find message for key cmake-tools.configuration.cmake.options.advanced.statusBarVisibility.variant.description.
2024-02-02 15:53:15.483 [warning] [cmake-tools]: Couldn't find message for key cmake-tools.configuration.cmake.options.advanced.statusBarVisibility.variant.description.
2024-02-02 15:56:35.091 [warning] [cmake-tools]: Couldn't find message for key cmake-tools.configuration.cmake.options.advanced.statusBarVisibility.variant.description.
2024-02-02 15:58:15.822 [warning] [cmake-tools]: Couldn't find message for key cmake-tools.configuration.cmake.options.advanced.statusBarVisibility.variant.description.
2024-02-02 16:01:35.142 [warning] [cmake-tools]: Couldn't find message for key cmake-tools.configuration.cmake.options.advanced.statusBarVisibility.variant.description.
2024-02-02 16:03:16.093 [warning] [cmake-tools]: Couldn't find message for key cmake-tools.configuration.cmake.options.advanced.statusBarVisibility.variant.description.
2024-02-02 16:06:35.207 [warning] [cmake-tools]: Couldn't find message for key cmake-tools.configuration.cmake.options.advanced.statusBarVisibility.variant.description.
2024-02-02 16:08:16.427 [warning] [cmake-tools]: Couldn't find message for key cmake-tools.configuration.cmake.options.advanced.statusBarVisibility.variant.description.
2024-02-02 16:11:35.327 [warning] [cmake-tools]: Couldn't find message for key cmake-tools.configuration.cmake.options.advanced.statusBarVisibility.variant.description.
2024-02-02 16:13:16.841 [warning] [cmake-tools]: Couldn't find message for key cmake-tools.configuration.cmake.options.advanced.statusBarVisibility.variant.description.
2024-02-02 16:16:35.436 [warning] [cmake-tools]: Couldn't find message for key cmake-tools.configuration.cmake.options.advanced.statusBarVisibility.variant.description.
2024-02-02 16:18:17.290 [warning] [cmake-tools]: Couldn't find message for key cmake-tools.configuration.cmake.options.advanced.statusBarVisibility.variant.description.
2024-02-02 16:21:35.519 [warning] [cmake-tools]: Couldn't find message for key cmake-tools.configuration.cmake.options.advanced.statusBarVisibility.variant.description.
2024-02-02 16:23:17.608 [warning] [cmake-tools]: Couldn't find message for key cmake-tools.configuration.cmake.options.advanced.statusBarVisibility.variant.description.
2024-02-02 16:26:35.633 [warning] [cmake-tools]: Couldn't find message for key cmake-tools.configuration.cmake.options.advanced.statusBarVisibility.variant.description.
2024-02-02 16:28:17.906 [warning] [cmake-tools]: Couldn't find message for key cmake-tools.configuration.cmake.options.advanced.statusBarVisibility.variant.description.
2024-02-02 16:31:35.690 [warning] [cmake-tools]: Couldn't find message for key cmake-tools.configuration.cmake.options.advanced.statusBarVisibility.variant.description.
2024-02-02 16:33:18.237 [warning] [cmake-tools]: Couldn't find message for key cmake-tools.configuration.cmake.options.advanced.statusBarVisibility.variant.description.
2024-02-02 16:36:35.855 [warning] [cmake-tools]: Couldn't find message for key cmake-tools.configuration.cmake.options.advanced.statusBarVisibility.variant.description.
2024-02-02 16:38:18.535 [warning] [cmake-tools]: Couldn't find message for key cmake-tools.configuration.cmake.options.advanced.statusBarVisibility.variant.description.
2024-02-02 16:41:35.902 [warning] [cmake-tools]: Couldn't find message for key cmake-tools.configuration.cmake.options.advanced.statusBarVisibility.variant.description.
2024-02-02 16:43:18.813 [warning] [cmake-tools]: Couldn't find message for key cmake-tools.configuration.cmake.options.advanced.statusBarVisibility.variant.description.
2024-02-02 16:46:35.943 [warning] [cmake-tools]: Couldn't find message for key cmake-tools.configuration.cmake.options.advanced.statusBarVisibility.variant.description.
2024-02-02 16:48:19.132 [warning] [cmake-tools]: Couldn't find message for key cmake-tools.configuration.cmake.options.advanced.statusBarVisibility.variant.description.
2024-02-02 16:51:35.981 [warning] [cmake-tools]: Couldn't find message for key cmake-tools.configuration.cmake.options.advanced.statusBarVisibility.variant.description.
2024-02-02 16:53:19.412 [warning] [cmake-tools]: Couldn't find message for key cmake-tools.configuration.cmake.options.advanced.statusBarVisibility.variant.description.
2024-02-02 16:56:36.026 [warning] [cmake-tools]: Couldn't find message for key cmake-tools.configuration.cmake.options.advanced.statusBarVisibility.variant.description.
2024-02-02 16:58:19.737 [warning] [cmake-tools]: Couldn't find message for key cmake-tools.configuration.cmake.options.advanced.statusBarVisibility.variant.description.
2024-02-02 17:01:36.090 [warning] [cmake-tools]: Couldn't find message for key cmake-tools.configuration.cmake.options.advanced.statusBarVisibility.variant.description.
2024-02-02 17:03:20.053 [warning] [cmake-tools]: Couldn't find message for key cmake-tools.configuration.cmake.options.advanced.statusBarVisibility.variant.description.
2024-02-02 17:06:36.140 [warning] [cmake-tools]: Couldn't find message for key cmake-tools.configuration.cmake.options.advanced.statusBarVisibility.variant.description.
2024-02-02 17:08:20.366 [warning] [cmake-tools]: Couldn't find message for key cmake-tools.configuration.cmake.options.advanced.statusBarVisibility.variant.description.
2024-02-02 17:11:36.204 [warning] [cmake-tools]: Couldn't find message for key cmake-tools.configuration.cmake.options.advanced.statusBarVisibility.variant.description.
2024-02-02 17:13:20.686 [warning] [cmake-tools]: Couldn't find message for key cmake-tools.configuration.cmake.options.advanced.statusBarVisibility.variant.description.
2024-02-02 17:16:36.277 [warning] [cmake-tools]: Couldn't find message for key cmake-tools.configuration.cmake.options.advanced.statusBarVisibility.variant.description.
2024-02-02 17:18:20.981 [warning] [cmake-tools]: Couldn't find message for key cmake-tools.configuration.cmake.options.advanced.statusBarVisibility.variant.description.
2024-02-02 17:21:36.326 [warning] [cmake-tools]: Couldn't find message for key cmake-tools.configuration.cmake.options.advanced.statusBarVisibility.variant.description.
2024-02-02 17:23:21.260 [warning] [cmake-tools]: Couldn't find message for key cmake-tools.configuration.cmake.options.advanced.statusBarVisibility.variant.description.
2024-02-02 17:26:36.394 [warning] [cmake-tools]: Couldn't find message for key cmake-tools.configuration.cmake.options.advanced.statusBarVisibility.variant.description.
2024-02-02 17:28:21.554 [warning] [cmake-tools]: Couldn't find message for key cmake-tools.configuration.cmake.options.advanced.statusBarVisibility.variant.description.
2024-02-02 17:31:36.450 [warning] [cmake-tools]: Couldn't find message for key cmake-tools.configuration.cmake.options.advanced.statusBarVisibility.variant.description.
2024-02-02 17:33:21.875 [warning] [cmake-tools]: Couldn't find message for key cmake-tools.configuration.cmake.options.advanced.statusBarVisibility.variant.description.
2024-02-02 17:36:36.637 [warning] [cmake-tools]: Couldn't find message for key cmake-tools.configuration.cmake.options.advanced.statusBarVisibility.variant.description.
2024-02-02 17:38:22.204 [warning] [cmake-tools]: Couldn't find message for key cmake-tools.configuration.cmake.options.advanced.statusBarVisibility.variant.description.
2024-02-02 17:41:36.696 [warning] [cmake-tools]: Couldn't find message for key cmake-tools.configuration.cmake.options.advanced.statusBarVisibility.variant.description.
2024-02-02 17:41:39.133 [warning] [cmake-tools]: Couldn't find message for key cmake-tools.configuration.cmake.options.advanced.statusBarVisibility.variant.description.
2024-02-02 17:42:11.826 [warning] [cmake-tools]: Couldn't find message for key cmake-tools.configuration.cmake.options.advanced.statusBarVisibility.variant.description.
