2024-02-02 15:32:56.560 [info] Using settings sync service https://vscode-sync.trafficmanager.net/
2024-02-02 15:32:56.560 [info] Auto Sync is disabled.
2024-02-02 15:33:57.677 [info] Sync started.
2024-02-02 15:33:58.202 [info] Did reset the local sync state.
2024-02-02 15:33:58.209 [info] Settings: Migrating last sync user data. Resource does not exist.
2024-02-02 15:33:58.209 [info] Settings: Last sync data state does not exist.
2024-02-02 15:33:58.292 [info] Settings: Migrating last sync user data. Resource does not exist.
2024-02-02 15:33:58.292 [info] Settings: Last sync data state does not exist.
2024-02-02 15:33:58.455 [info] GlobalState: Migrating last sync user data. Resource does not exist.
2024-02-02 15:33:58.455 [info] GlobalState: Last sync data state does not exist.
2024-02-02 15:33:58.474 [info] Keybindings: Migrating last sync user data. Resource does not exist.
2024-02-02 15:33:58.474 [info] Keybindings: Last sync data state does not exist.
2024-02-02 15:33:58.540 [info] Snippets: Migrating last sync user data. Resource does not exist.
2024-02-02 15:33:58.540 [info] Snippets: Last sync data state does not exist.
2024-02-02 15:33:58.604 [info] Tasks: Migrating last sync user data. Resource does not exist.
2024-02-02 15:33:58.604 [info] Tasks: Last sync data state does not exist.
2024-02-02 15:33:58.735 [info] GlobalState: Migrating last sync user data. Resource does not exist.
2024-02-02 15:33:58.736 [info] GlobalState: Last sync data state does not exist.
2024-02-02 15:33:58.877 [info] Extensions: Migrating last sync user data. Resource does not exist.
2024-02-02 15:33:58.878 [info] Extensions: Last sync data state does not exist.
2024-02-02 15:33:59.117 [info] Profiles: Migrating last sync user data. Resource does not exist.
2024-02-02 15:33:59.118 [info] Profiles: Last sync data state does not exist.
2024-02-02 15:33:59.205 [info] Profiles: Migrating last sync user data. Resource does not exist.
2024-02-02 15:33:59.206 [info] Profiles: Last sync data state does not exist.
2024-02-02 15:33:59.245 [info] Settings: Updated local settings
2024-02-02 15:33:59.283 [info] Settings: Updated last synchronized settings
2024-02-02 15:33:59.286 [info] Keybindings: No changes found during synchronizing keybindings.
2024-02-02 15:33:59.381 [info] Keybindings: Updated last synchronized keybindings
2024-02-02 15:33:59.383 [info] Snippets: No changes found during synchronizing snippets.
2024-02-02 15:33:59.679 [info] GlobalState: Migrating last sync user data. Resource does not exist.
2024-02-02 15:33:59.679 [info] GlobalState: Last sync data state does not exist.
2024-02-02 15:33:59.707 [info] Snippets: Updated last synchronized snippets
2024-02-02 15:33:59.708 [info] Tasks: No changes found during synchronizing tasks.
2024-02-02 15:33:59.795 [info] Tasks: Updated last synchronized tasks
2024-02-02 15:33:59.902 [info] GlobalState: Updated global state ["memento/workbench.editor.keybindings","cpp.1.editedCount","cpp.1.editedDate","ces/skipSurvey","fileBasedRecommendations/promptedRecommendations","workbench.welcomePage.walkthroughMetadata","snippets.usageTimestamps","terminal.integrated.showTerminalConfigPrompt","commandPalette.mru.cache","commandPalette.mru.counter","nps/isCandidate","nps/skipVersion","expandSuggestionDocs","cpp.1.isCandidate","workbench.view.extension.references-view.state.hidden","cpp.1.skipVersion","github-MarcoForWork","workbench.view.remote.state.hidden","workbench.welcomePage.hiddenCategories","ces/remindLaterDate","workbench.explorer.views.state.hidden","workbench.scm.views.state.hidden","workbench.activity.pinnedViewlets2","colorThemeData","workbench.view.debug.state.hidden","nps/lastSessionDate","nps/sessionCount","workbench.panel.pinnedPanels","memento/gettingStartedService","workbench.statusbar.hidden","cpp.1.lastSessionDate","cpp.1.sessionCount","java.2.lastSessionDate","java.2.sessionCount","javascript.1.lastSessionDate","javascript.1.sessionCount","typescript.1.lastSessionDate","typescript.1.sessionCount","csharp.1.lastSessionDate","csharp.1.sessionCount"]
2024-02-02 15:33:59.903 [info] GlobalState: Updated local ui state
2024-02-02 15:33:59.964 [info] GlobalState: Updated last synchronized ui state
2024-02-02 15:34:23.293 [info] Extensions: Installed extension. ms-vscode.cpptools-extension-pack 1.3.0
2024-02-02 15:34:23.294 [info] Extensions: Installed extension. bracketpaircolordlw.bracket-pair-color-dlw 0.0.6
2024-02-02 15:34:23.294 [info] Extensions: Installed extension. ms-vscode.cpptools-themes 2.0.0
2024-02-02 15:34:23.295 [info] Extensions: Installed extension. heyitschun.ghibli-syntax-themes 0.2.7
2024-02-02 15:34:23.295 [info] Extensions: Installed extension. github.remotehub 0.62.0
2024-02-02 15:34:23.295 [info] Extensions: Installed extension. ms-vscode.remote-repositories 0.40.0
2024-02-02 15:34:23.295 [info] Extensions: Installed extension. ms-vscode-remote.remote-wsl 0.86.0
2024-02-02 15:34:23.295 [info] Extensions: Installed extension. esbenp.prettier-vscode 10.1.0
2024-02-02 15:34:23.295 [info] Extensions: Installed extension. formulahendry.code-runner 0.12.1
2024-02-02 15:34:23.296 [info] Extensions: Installed extension. ms-vscode.cmake-tools 1.16.32
2024-02-02 15:34:23.296 [info] Extensions: Installed extension. twxs.cmake 0.0.17
2024-02-02 15:34:23.296 [info] Extensions: Installed extension. vscode-icons-team.vscode-icons 12.7.0
2024-02-02 15:34:23.296 [info] Extensions: Installed extension. ms-vscode.cpptools 1.18.5
2024-02-02 15:34:23.516 [info] Extensions: Updated last synchronized extensions.
2024-02-02 15:34:23.519 [info] Profiles: No changes found during synchronizing profiles.
2024-02-02 15:34:23.826 [info] Profiles: Updated last synchronized profiles.
2024-02-02 15:34:23.887 [info] Sync done. Took 26211ms
2024-02-02 15:34:23.944 [info] Auto Sync: Triggered by Interval
2024-02-02 15:34:23.944 [info] Sync started.
2024-02-02 15:34:24.289 [info] Settings: No changes found during synchronizing settings.
2024-02-02 15:34:24.447 [info] Keybindings: No changes found during synchronizing keybindings.
2024-02-02 15:34:24.533 [info] Snippets: No changes found during synchronizing snippets.
2024-02-02 15:34:24.535 [info] Tasks: No changes found during synchronizing tasks.
2024-02-02 15:34:25.917 [info] GlobalState: Updated remote ui state. Updated: memento/gettingStartedService,workbench.welcomePage.walkthroughMetadata.
2024-02-02 15:34:25.991 [info] GlobalState: Updated last synchronized ui state
2024-02-02 15:34:26.106 [info] Extensions: No changes found during synchronizing extensions.
2024-02-02 15:34:26.109 [info] Profiles: No changes found during synchronizing profiles.
2024-02-02 15:34:26.114 [info] Sync done. Took 2169ms
2024-02-02 15:34:26.653 [info] Auto Sync: Triggered by Activity
2024-02-02 15:34:26.653 [info] Sync started.
2024-02-02 15:34:26.711 [info] Settings: No changes found during synchronizing settings.
2024-02-02 15:34:26.714 [info] Keybindings: No changes found during synchronizing keybindings.
2024-02-02 15:34:26.716 [info] Snippets: No changes found during synchronizing snippets.
2024-02-02 15:34:26.718 [info] Tasks: No changes found during synchronizing tasks.
2024-02-02 15:34:26.721 [info] GlobalState: No changes found during synchronizing ui state.
2024-02-02 15:34:26.794 [info] Extensions: No changes found during synchronizing extensions.
2024-02-02 15:34:26.796 [info] Profiles: No changes found during synchronizing profiles.
2024-02-02 15:34:26.797 [info] Sync done. Took 143ms
2024-02-02 15:35:05.472 [info] Auto Sync: Triggered by Activity
2024-02-02 15:35:05.473 [info] Sync started.
2024-02-02 15:35:05.551 [info] Settings: No changes found during synchronizing settings.
2024-02-02 15:35:05.555 [info] Keybindings: No changes found during synchronizing keybindings.
2024-02-02 15:35:05.558 [info] Snippets: No changes found during synchronizing snippets.
2024-02-02 15:35:05.561 [info] Tasks: No changes found during synchronizing tasks.
2024-02-02 15:35:05.564 [info] GlobalState: No changes found during synchronizing ui state.
2024-02-02 15:35:05.646 [info] Extensions: No changes found during synchronizing extensions.
2024-02-02 15:35:05.647 [info] Profiles: No changes found during synchronizing profiles.
2024-02-02 15:35:05.648 [info] Sync done. Took 177ms
2024-02-02 15:35:48.105 [info] Auto Sync: Triggered by Activity
2024-02-02 15:35:48.105 [info] Sync started.
2024-02-02 15:35:48.181 [info] Settings: No changes found during synchronizing settings.
2024-02-02 15:35:48.189 [info] Keybindings: No changes found during synchronizing keybindings.
2024-02-02 15:35:48.195 [info] Snippets: No changes found during synchronizing snippets.
2024-02-02 15:35:48.199 [info] Tasks: No changes found during synchronizing tasks.
2024-02-02 15:35:48.207 [info] GlobalState: No changes found during synchronizing ui state.
2024-02-02 15:35:48.337 [info] Extensions: No changes found during synchronizing extensions.
2024-02-02 15:35:48.338 [info] Profiles: No changes found during synchronizing profiles.
2024-02-02 15:35:48.341 [info] Sync done. Took 236ms
2024-02-02 15:36:21.418 [info] Auto Sync: Triggered by Activity
2024-02-02 15:36:21.419 [info] Sync started.
2024-02-02 15:36:21.483 [info] Settings: No changes found during synchronizing settings.
2024-02-02 15:36:21.486 [info] Keybindings: No changes found during synchronizing keybindings.
2024-02-02 15:36:21.489 [info] Snippets: No changes found during synchronizing snippets.
2024-02-02 15:36:21.491 [info] Tasks: No changes found during synchronizing tasks.
2024-02-02 15:36:21.494 [info] GlobalState: No changes found during synchronizing ui state.
2024-02-02 15:36:21.587 [info] Extensions: No changes found during synchronizing extensions.
2024-02-02 15:36:21.591 [info] Profiles: No changes found during synchronizing profiles.
2024-02-02 15:36:21.593 [info] Sync done. Took 175ms
2024-02-02 15:36:29.951 [info] Auto Sync: Triggered by Activity
2024-02-02 15:36:29.951 [info] Sync started.
2024-02-02 15:36:30.268 [info] Settings: No changes found during synchronizing settings.
2024-02-02 15:36:30.311 [info] Keybindings: No changes found during synchronizing keybindings.
2024-02-02 15:36:30.313 [info] Snippets: No changes found during synchronizing snippets.
2024-02-02 15:36:30.315 [info] Tasks: No changes found during synchronizing tasks.
2024-02-02 15:36:31.507 [info] GlobalState: Updated remote ui state. Updated: memento/gettingStartedService.
2024-02-02 15:36:31.543 [info] GlobalState: Updated last synchronized ui state
2024-02-02 15:36:31.639 [info] Extensions: No changes found during synchronizing extensions.
2024-02-02 15:36:31.640 [info] Profiles: No changes found during synchronizing profiles.
2024-02-02 15:36:31.642 [info] Sync done. Took 1691ms
2024-02-02 15:36:39.107 [info] Auto Sync: Triggered by Activity
2024-02-02 15:36:39.108 [info] Sync started.
2024-02-02 15:36:39.211 [info] Settings: No changes found during synchronizing settings.
2024-02-02 15:36:39.216 [info] Keybindings: No changes found during synchronizing keybindings.
2024-02-02 15:36:39.220 [info] Snippets: No changes found during synchronizing snippets.
2024-02-02 15:36:39.223 [info] Tasks: No changes found during synchronizing tasks.
2024-02-02 15:36:40.371 [info] GlobalState: Updated remote ui state. Updated: workbench.statusbar.hidden,java.2.lastSessionDate,java.2.sessionCount,javascript.1.lastSessionDate,javascript.1.sessionCount,typescript.1.lastSessionDate,typescript.1.sessionCount,csharp.1.lastSessionDate,csharp.1.sessionCount.
2024-02-02 15:36:40.401 [info] GlobalState: Updated last synchronized ui state
2024-02-02 15:36:40.491 [info] Extensions: No changes found during synchronizing extensions.
2024-02-02 15:36:40.493 [info] Profiles: No changes found during synchronizing profiles.
2024-02-02 15:36:40.494 [info] Sync done. Took 1387ms
2024-02-02 15:37:06.865 [info] Auto Sync: Triggered by Activity
2024-02-02 15:37:06.866 [info] Sync started.
2024-02-02 15:37:06.936 [info] Settings: No changes found during synchronizing settings.
2024-02-02 15:37:06.940 [info] Keybindings: No changes found during synchronizing keybindings.
2024-02-02 15:37:06.942 [info] Snippets: No changes found during synchronizing snippets.
2024-02-02 15:37:06.944 [info] Tasks: No changes found during synchronizing tasks.
2024-02-02 15:37:08.103 [info] GlobalState: Updated remote ui state. Updated: memento/gettingStartedService.
2024-02-02 15:37:08.147 [info] GlobalState: Updated last synchronized ui state
2024-02-02 15:37:08.251 [info] Extensions: No changes found during synchronizing extensions.
2024-02-02 15:37:08.252 [info] Profiles: No changes found during synchronizing profiles.
2024-02-02 15:37:08.253 [info] Sync done. Took 1390ms
2024-02-02 15:37:17.098 [info] Auto Sync: Triggered by Activity
2024-02-02 15:37:17.098 [info] Sync started.
2024-02-02 15:37:17.160 [info] Settings: No changes found during synchronizing settings.
2024-02-02 15:37:17.163 [info] Keybindings: No changes found during synchronizing keybindings.
2024-02-02 15:37:17.167 [info] Snippets: No changes found during synchronizing snippets.
2024-02-02 15:37:17.171 [info] Tasks: No changes found during synchronizing tasks.
2024-02-02 15:37:18.303 [info] GlobalState: Updated remote ui state. Updated: memento/gettingStartedService.
2024-02-02 15:37:18.346 [info] GlobalState: Updated last synchronized ui state
2024-02-02 15:37:18.430 [info] Extensions: No changes found during synchronizing extensions.
2024-02-02 15:37:18.434 [info] Profiles: No changes found during synchronizing profiles.
2024-02-02 15:37:18.436 [info] Sync done. Took 1338ms
2024-02-02 15:39:27.679 [info] Auto Sync: Triggered by Activity
2024-02-02 15:39:27.679 [info] Sync started.
2024-02-02 15:39:27.748 [info] Settings: No changes found during synchronizing settings.
2024-02-02 15:39:27.751 [info] Keybindings: No changes found during synchronizing keybindings.
2024-02-02 15:39:27.754 [info] Snippets: No changes found during synchronizing snippets.
2024-02-02 15:39:27.759 [info] Tasks: No changes found during synchronizing tasks.
2024-02-02 15:39:27.764 [info] GlobalState: No changes found during synchronizing ui state.
2024-02-02 15:39:27.858 [info] Extensions: No changes found during synchronizing extensions.
2024-02-02 15:39:27.861 [info] Profiles: No changes found during synchronizing profiles.
2024-02-02 15:39:27.863 [info] Sync done. Took 186ms
2024-02-02 15:39:43.641 [info] Auto Sync: Triggered by Activity
2024-02-02 15:39:43.642 [info] Sync started.
2024-02-02 15:39:43.708 [info] Settings: No changes found during synchronizing settings.
2024-02-02 15:39:43.712 [info] Keybindings: No changes found during synchronizing keybindings.
2024-02-02 15:39:43.716 [info] Snippets: No changes found during synchronizing snippets.
2024-02-02 15:39:43.719 [info] Tasks: No changes found during synchronizing tasks.
2024-02-02 15:39:43.722 [info] GlobalState: No changes found during synchronizing ui state.
2024-02-02 15:39:43.822 [info] Extensions: No changes found during synchronizing extensions.
2024-02-02 15:39:43.823 [info] Profiles: No changes found during synchronizing profiles.
2024-02-02 15:39:43.825 [info] Sync done. Took 184ms
2024-02-02 15:40:39.882 [info] Auto Sync: Triggered by Activity
2024-02-02 15:40:39.882 [info] Sync started.
2024-02-02 15:40:39.958 [info] Settings: No changes found during synchronizing settings.
2024-02-02 15:40:39.966 [info] Keybindings: No changes found during synchronizing keybindings.
2024-02-02 15:40:39.972 [info] Snippets: No changes found during synchronizing snippets.
2024-02-02 15:40:39.977 [info] Tasks: No changes found during synchronizing tasks.
2024-02-02 15:40:39.981 [info] GlobalState: No changes found during synchronizing ui state.
2024-02-02 15:40:40.148 [info] Extensions: No changes found during synchronizing extensions.
2024-02-02 15:40:40.151 [info] Profiles: No changes found during synchronizing profiles.
2024-02-02 15:40:40.154 [info] Sync done. Took 274ms
2024-02-02 15:41:03.675 [info] Auto Sync: Triggered by Activity
2024-02-02 15:41:03.676 [info] Sync started.
2024-02-02 15:41:03.766 [info] Settings: No changes found during synchronizing settings.
2024-02-02 15:41:03.769 [info] Keybindings: No changes found during synchronizing keybindings.
2024-02-02 15:41:03.771 [info] Snippets: No changes found during synchronizing snippets.
2024-02-02 15:41:03.774 [info] Tasks: No changes found during synchronizing tasks.
2024-02-02 15:41:03.777 [info] GlobalState: No changes found during synchronizing ui state.
2024-02-02 15:41:03.871 [info] Extensions: No changes found during synchronizing extensions.
2024-02-02 15:41:03.872 [info] Profiles: No changes found during synchronizing profiles.
2024-02-02 15:41:03.873 [info] Sync done. Took 200ms
2024-02-02 15:43:03.432 [info] Auto Sync: Triggered by Activity
2024-02-02 15:43:03.432 [info] Sync started.
2024-02-02 15:43:03.503 [info] Settings: No changes found during synchronizing settings.
2024-02-02 15:43:03.519 [info] Keybindings: No changes found during synchronizing keybindings.
2024-02-02 15:43:03.529 [info] Snippets: No changes found during synchronizing snippets.
2024-02-02 15:43:03.543 [info] Tasks: No changes found during synchronizing tasks.
2024-02-02 15:43:03.557 [info] GlobalState: No changes found during synchronizing ui state.
2024-02-02 15:43:03.668 [info] Extensions: No changes found during synchronizing extensions.
2024-02-02 15:43:03.669 [info] Profiles: No changes found during synchronizing profiles.
2024-02-02 15:43:03.672 [info] Sync done. Took 239ms
2024-02-02 15:48:03.681 [info] Auto Sync: Triggered by Interval
2024-02-02 15:48:03.681 [info] Sync started.
2024-02-02 15:48:03.859 [info] Settings: No changes found during synchronizing settings.
2024-02-02 15:48:03.873 [info] Keybindings: No changes found during synchronizing keybindings.
2024-02-02 15:48:03.876 [info] Snippets: No changes found during synchronizing snippets.
2024-02-02 15:48:03.878 [info] Tasks: No changes found during synchronizing tasks.
2024-02-02 15:48:03.881 [info] GlobalState: No changes found during synchronizing ui state.
2024-02-02 15:48:03.948 [info] Extensions: No changes found during synchronizing extensions.
2024-02-02 15:48:03.949 [info] Profiles: No changes found during synchronizing profiles.
2024-02-02 15:48:03.951 [info] Sync done. Took 271ms
2024-02-02 15:48:42.347 [info] Auto Sync: Triggered by Activity
2024-02-02 15:48:42.347 [info] Sync started.
2024-02-02 15:48:42.402 [info] Settings: No changes found during synchronizing settings.
2024-02-02 15:48:42.405 [info] Keybindings: No changes found during synchronizing keybindings.
2024-02-02 15:48:42.408 [info] Snippets: No changes found during synchronizing snippets.
2024-02-02 15:48:42.410 [info] Tasks: No changes found during synchronizing tasks.
2024-02-02 15:48:42.412 [info] GlobalState: No changes found during synchronizing ui state.
2024-02-02 15:48:42.507 [info] Extensions: No changes found during synchronizing extensions.
2024-02-02 15:48:42.508 [info] Profiles: No changes found during synchronizing profiles.
2024-02-02 15:48:42.510 [info] Sync done. Took 164ms
2024-02-02 15:51:25.508 [info] Auto Sync: Triggered by Activity
2024-02-02 15:51:25.508 [info] Sync started.
2024-02-02 15:51:25.672 [info] Settings: No changes found during synchronizing settings.
2024-02-02 15:51:25.674 [info] Keybindings: No changes found during synchronizing keybindings.
2024-02-02 15:51:25.676 [info] Snippets: No changes found during synchronizing snippets.
2024-02-02 15:51:25.679 [info] Tasks: No changes found during synchronizing tasks.
2024-02-02 15:51:25.683 [info] GlobalState: No changes found during synchronizing ui state.
2024-02-02 15:51:25.764 [info] Extensions: No changes found during synchronizing extensions.
2024-02-02 15:51:25.766 [info] Profiles: No changes found during synchronizing profiles.
2024-02-02 15:51:25.768 [info] Sync done. Took 261ms
2024-02-02 15:53:15.360 [info] Auto Sync: Triggered by Activity
2024-02-02 15:53:15.360 [info] Sync started.
2024-02-02 15:53:15.415 [info] Settings: No changes found during synchronizing settings.
2024-02-02 15:53:15.418 [info] Keybindings: No changes found during synchronizing keybindings.
2024-02-02 15:53:15.421 [info] Snippets: No changes found during synchronizing snippets.
2024-02-02 15:53:15.423 [info] Tasks: No changes found during synchronizing tasks.
2024-02-02 15:53:15.425 [info] GlobalState: No changes found during synchronizing ui state.
2024-02-02 15:53:15.503 [info] Extensions: No changes found during synchronizing extensions.
2024-02-02 15:53:15.504 [info] Profiles: No changes found during synchronizing profiles.
2024-02-02 15:53:15.505 [info] Sync done. Took 145ms
2024-02-02 15:58:15.523 [info] Auto Sync: Triggered by Interval
2024-02-02 15:58:15.524 [info] Sync started.
2024-02-02 15:58:15.719 [info] Settings: No changes found during synchronizing settings.
2024-02-02 15:58:15.726 [info] Keybindings: No changes found during synchronizing keybindings.
2024-02-02 15:58:15.735 [info] Snippets: No changes found during synchronizing snippets.
2024-02-02 15:58:15.743 [info] Tasks: No changes found during synchronizing tasks.
2024-02-02 15:58:15.753 [info] GlobalState: No changes found during synchronizing ui state.
2024-02-02 15:58:15.846 [info] Extensions: No changes found during synchronizing extensions.
2024-02-02 15:58:15.848 [info] Profiles: No changes found during synchronizing profiles.
2024-02-02 15:58:15.850 [info] Sync done. Took 327ms
2024-02-02 16:03:15.870 [info] Auto Sync: Triggered by Interval
2024-02-02 16:03:15.870 [info] Sync started.
2024-02-02 16:03:16.031 [info] Settings: No changes found during synchronizing settings.
2024-02-02 16:03:16.035 [info] Keybindings: No changes found during synchronizing keybindings.
2024-02-02 16:03:16.037 [info] Snippets: No changes found during synchronizing snippets.
2024-02-02 16:03:16.039 [info] Tasks: No changes found during synchronizing tasks.
2024-02-02 16:03:16.042 [info] GlobalState: No changes found during synchronizing ui state.
2024-02-02 16:03:16.121 [info] Extensions: No changes found during synchronizing extensions.
2024-02-02 16:03:16.123 [info] Profiles: No changes found during synchronizing profiles.
2024-02-02 16:03:16.124 [info] Sync done. Took 256ms
2024-02-02 16:08:16.144 [info] Auto Sync: Triggered by Interval
2024-02-02 16:08:16.145 [info] Sync started.
2024-02-02 16:08:16.358 [info] Settings: No changes found during synchronizing settings.
2024-02-02 16:08:16.361 [info] Keybindings: No changes found during synchronizing keybindings.
2024-02-02 16:08:16.365 [info] Snippets: No changes found during synchronizing snippets.
2024-02-02 16:08:16.368 [info] Tasks: No changes found during synchronizing tasks.
2024-02-02 16:08:16.370 [info] GlobalState: No changes found during synchronizing ui state.
2024-02-02 16:08:16.449 [info] Extensions: No changes found during synchronizing extensions.
2024-02-02 16:08:16.451 [info] Profiles: No changes found during synchronizing profiles.
2024-02-02 16:08:16.452 [info] Sync done. Took 310ms
2024-02-02 16:13:16.472 [info] Auto Sync: Triggered by Interval
2024-02-02 16:13:16.473 [info] Sync started.
2024-02-02 16:13:16.729 [info] Settings: No changes found during synchronizing settings.
2024-02-02 16:13:16.732 [info] Keybindings: No changes found during synchronizing keybindings.
2024-02-02 16:13:16.735 [info] Snippets: No changes found during synchronizing snippets.
2024-02-02 16:13:16.739 [info] Tasks: No changes found during synchronizing tasks.
2024-02-02 16:13:16.752 [info] GlobalState: No changes found during synchronizing ui state.
2024-02-02 16:13:16.861 [info] Extensions: No changes found during synchronizing extensions.
2024-02-02 16:13:16.890 [info] Profiles: No changes found during synchronizing profiles.
2024-02-02 16:13:16.891 [info] Sync done. Took 420ms
2024-02-02 16:18:16.911 [info] Auto Sync: Triggered by Interval
2024-02-02 16:18:16.921 [info] Sync started.
2024-02-02 16:18:17.113 [info] Settings: No changes found during synchronizing settings.
2024-02-02 16:18:17.139 [info] Keybindings: No changes found during synchronizing keybindings.
2024-02-02 16:18:17.162 [info] Snippets: No changes found during synchronizing snippets.
2024-02-02 16:18:17.173 [info] Tasks: No changes found during synchronizing tasks.
2024-02-02 16:18:17.181 [info] GlobalState: No changes found during synchronizing ui state.
2024-02-02 16:18:17.347 [info] Extensions: No changes found during synchronizing extensions.
2024-02-02 16:18:17.352 [info] Profiles: No changes found during synchronizing profiles.
2024-02-02 16:18:17.356 [info] Sync done. Took 445ms
2024-02-02 16:23:17.373 [info] Auto Sync: Triggered by Interval
2024-02-02 16:23:17.374 [info] Sync started.
2024-02-02 16:23:17.519 [info] Settings: No changes found during synchronizing settings.
2024-02-02 16:23:17.523 [info] Keybindings: No changes found during synchronizing keybindings.
2024-02-02 16:23:17.525 [info] Snippets: No changes found during synchronizing snippets.
2024-02-02 16:23:17.528 [info] Tasks: No changes found during synchronizing tasks.
2024-02-02 16:23:17.531 [info] GlobalState: No changes found during synchronizing ui state.
2024-02-02 16:23:17.625 [info] Extensions: No changes found during synchronizing extensions.
2024-02-02 16:23:17.626 [info] Profiles: No changes found during synchronizing profiles.
2024-02-02 16:23:17.627 [info] Sync done. Took 255ms
2024-02-02 16:28:17.647 [info] Auto Sync: Triggered by Interval
2024-02-02 16:28:17.648 [info] Sync started.
2024-02-02 16:28:17.829 [info] Settings: No changes found during synchronizing settings.
2024-02-02 16:28:17.835 [info] Keybindings: No changes found during synchronizing keybindings.
2024-02-02 16:28:17.843 [info] Snippets: No changes found during synchronizing snippets.
2024-02-02 16:28:17.845 [info] Tasks: No changes found during synchronizing tasks.
2024-02-02 16:28:17.847 [info] GlobalState: No changes found during synchronizing ui state.
2024-02-02 16:28:17.925 [info] Extensions: No changes found during synchronizing extensions.
2024-02-02 16:28:17.926 [info] Profiles: No changes found during synchronizing profiles.
2024-02-02 16:28:17.928 [info] Sync done. Took 281ms
2024-02-02 16:33:17.947 [info] Auto Sync: Triggered by Interval
2024-02-02 16:33:17.948 [info] Sync started.
2024-02-02 16:33:18.127 [info] Settings: No changes found during synchronizing settings.
2024-02-02 16:33:18.140 [info] Keybindings: No changes found during synchronizing keybindings.
2024-02-02 16:33:18.151 [info] Snippets: No changes found during synchronizing snippets.
2024-02-02 16:33:18.158 [info] Tasks: No changes found during synchronizing tasks.
2024-02-02 16:33:18.162 [info] GlobalState: No changes found during synchronizing ui state.
2024-02-02 16:33:18.255 [info] Extensions: No changes found during synchronizing extensions.
2024-02-02 16:33:18.257 [info] Profiles: No changes found during synchronizing profiles.
2024-02-02 16:33:18.259 [info] Sync done. Took 312ms
2024-02-02 16:38:18.280 [info] Auto Sync: Triggered by Interval
2024-02-02 16:38:18.281 [info] Sync started.
2024-02-02 16:38:18.474 [info] Settings: No changes found during synchronizing settings.
2024-02-02 16:38:18.477 [info] Keybindings: No changes found during synchronizing keybindings.
2024-02-02 16:38:18.479 [info] Snippets: No changes found during synchronizing snippets.
2024-02-02 16:38:18.482 [info] Tasks: No changes found during synchronizing tasks.
2024-02-02 16:38:18.485 [info] GlobalState: No changes found during synchronizing ui state.
2024-02-02 16:38:18.562 [info] Extensions: No changes found during synchronizing extensions.
2024-02-02 16:38:18.564 [info] Profiles: No changes found during synchronizing profiles.
2024-02-02 16:38:18.566 [info] Sync done. Took 286ms
2024-02-02 16:43:18.571 [info] Auto Sync: Triggered by Interval
2024-02-02 16:43:18.571 [info] Sync started.
2024-02-02 16:43:18.745 [info] Settings: No changes found during synchronizing settings.
2024-02-02 16:43:18.750 [info] Keybindings: No changes found during synchronizing keybindings.
2024-02-02 16:43:18.753 [info] Snippets: No changes found during synchronizing snippets.
2024-02-02 16:43:18.757 [info] Tasks: No changes found during synchronizing tasks.
2024-02-02 16:43:18.761 [info] GlobalState: No changes found during synchronizing ui state.
2024-02-02 16:43:18.832 [info] Extensions: No changes found during synchronizing extensions.
2024-02-02 16:43:18.833 [info] Profiles: No changes found during synchronizing profiles.
2024-02-02 16:43:18.834 [info] Sync done. Took 264ms
2024-02-02 16:48:18.855 [info] Auto Sync: Triggered by Interval
2024-02-02 16:48:18.856 [info] Sync started.
2024-02-02 16:48:19.052 [info] Settings: No changes found during synchronizing settings.
2024-02-02 16:48:19.055 [info] Keybindings: No changes found during synchronizing keybindings.
2024-02-02 16:48:19.057 [info] Snippets: No changes found during synchronizing snippets.
2024-02-02 16:48:19.059 [info] Tasks: No changes found during synchronizing tasks.
2024-02-02 16:48:19.061 [info] GlobalState: No changes found during synchronizing ui state.
2024-02-02 16:48:19.150 [info] Extensions: No changes found during synchronizing extensions.
2024-02-02 16:48:19.151 [info] Profiles: No changes found during synchronizing profiles.
2024-02-02 16:48:19.153 [info] Sync done. Took 298ms
2024-02-02 16:53:19.166 [info] Auto Sync: Triggered by Interval
2024-02-02 16:53:19.167 [info] Sync started.
2024-02-02 16:53:19.350 [info] Settings: No changes found during synchronizing settings.
2024-02-02 16:53:19.354 [info] Keybindings: No changes found during synchronizing keybindings.
2024-02-02 16:53:19.357 [info] Snippets: No changes found during synchronizing snippets.
2024-02-02 16:53:19.361 [info] Tasks: No changes found during synchronizing tasks.
2024-02-02 16:53:19.363 [info] GlobalState: No changes found during synchronizing ui state.
2024-02-02 16:53:19.440 [info] Extensions: No changes found during synchronizing extensions.
2024-02-02 16:53:19.441 [info] Profiles: No changes found during synchronizing profiles.
2024-02-02 16:53:19.443 [info] Sync done. Took 277ms
2024-02-02 16:58:19.464 [info] Auto Sync: Triggered by Interval
2024-02-02 16:58:19.464 [info] Sync started.
2024-02-02 16:58:19.656 [info] Settings: No changes found during synchronizing settings.
2024-02-02 16:58:19.664 [info] Keybindings: No changes found during synchronizing keybindings.
2024-02-02 16:58:19.670 [info] Snippets: No changes found during synchronizing snippets.
2024-02-02 16:58:19.677 [info] Tasks: No changes found during synchronizing tasks.
2024-02-02 16:58:19.687 [info] GlobalState: No changes found during synchronizing ui state.
2024-02-02 16:58:19.754 [info] Extensions: No changes found during synchronizing extensions.
2024-02-02 16:58:19.755 [info] Profiles: No changes found during synchronizing profiles.
2024-02-02 16:58:19.757 [info] Sync done. Took 294ms
2024-02-02 17:03:19.778 [info] Auto Sync: Triggered by Interval
2024-02-02 17:03:19.779 [info] Sync started.
2024-02-02 17:03:19.971 [info] Settings: No changes found during synchronizing settings.
2024-02-02 17:03:19.974 [info] Keybindings: No changes found during synchronizing keybindings.
2024-02-02 17:03:19.976 [info] Snippets: No changes found during synchronizing snippets.
2024-02-02 17:03:19.978 [info] Tasks: No changes found during synchronizing tasks.
2024-02-02 17:03:19.981 [info] GlobalState: No changes found during synchronizing ui state.
2024-02-02 17:03:20.071 [info] Extensions: No changes found during synchronizing extensions.
2024-02-02 17:03:20.072 [info] Profiles: No changes found during synchronizing profiles.
2024-02-02 17:03:20.073 [info] Sync done. Took 296ms
2024-02-02 17:08:20.085 [info] Auto Sync: Triggered by Interval
2024-02-02 17:08:20.086 [info] Sync started.
2024-02-02 17:08:20.304 [info] Settings: No changes found during synchronizing settings.
2024-02-02 17:08:20.307 [info] Keybindings: No changes found during synchronizing keybindings.
2024-02-02 17:08:20.310 [info] Snippets: No changes found during synchronizing snippets.
2024-02-02 17:08:20.312 [info] Tasks: No changes found during synchronizing tasks.
2024-02-02 17:08:20.315 [info] GlobalState: No changes found during synchronizing ui state.
2024-02-02 17:08:20.393 [info] Extensions: No changes found during synchronizing extensions.
2024-02-02 17:08:20.394 [info] Profiles: No changes found during synchronizing profiles.
2024-02-02 17:08:20.395 [info] Sync done. Took 311ms
2024-02-02 17:13:20.417 [info] Auto Sync: Triggered by Interval
2024-02-02 17:13:20.417 [info] Sync started.
2024-02-02 17:13:20.626 [info] Settings: No changes found during synchronizing settings.
2024-02-02 17:13:20.629 [info] Keybindings: No changes found during synchronizing keybindings.
2024-02-02 17:13:20.632 [info] Snippets: No changes found during synchronizing snippets.
2024-02-02 17:13:20.634 [info] Tasks: No changes found during synchronizing tasks.
2024-02-02 17:13:20.638 [info] GlobalState: No changes found during synchronizing ui state.
2024-02-02 17:13:20.704 [info] Extensions: No changes found during synchronizing extensions.
2024-02-02 17:13:20.705 [info] Profiles: No changes found during synchronizing profiles.
2024-02-02 17:13:20.706 [info] Sync done. Took 290ms
2024-02-02 17:18:20.715 [info] Auto Sync: Triggered by Interval
2024-02-02 17:18:20.716 [info] Sync started.
2024-02-02 17:18:20.901 [info] Settings: No changes found during synchronizing settings.
2024-02-02 17:18:20.904 [info] Keybindings: No changes found during synchronizing keybindings.
2024-02-02 17:18:20.906 [info] Snippets: No changes found during synchronizing snippets.
2024-02-02 17:18:20.908 [info] Tasks: No changes found during synchronizing tasks.
2024-02-02 17:18:20.910 [info] GlobalState: No changes found during synchronizing ui state.
2024-02-02 17:18:20.999 [info] Extensions: No changes found during synchronizing extensions.
2024-02-02 17:18:21.000 [info] Profiles: No changes found during synchronizing profiles.
2024-02-02 17:18:21.001 [info] Sync done. Took 287ms
2024-02-02 17:23:21.023 [info] Auto Sync: Triggered by Interval
2024-02-02 17:23:21.024 [info] Sync started.
2024-02-02 17:23:21.198 [info] Settings: No changes found during synchronizing settings.
2024-02-02 17:23:21.203 [info] Keybindings: No changes found during synchronizing keybindings.
2024-02-02 17:23:21.205 [info] Snippets: No changes found during synchronizing snippets.
2024-02-02 17:23:21.208 [info] Tasks: No changes found during synchronizing tasks.
2024-02-02 17:23:21.210 [info] GlobalState: No changes found during synchronizing ui state.
2024-02-02 17:23:21.286 [info] Extensions: No changes found during synchronizing extensions.
2024-02-02 17:23:21.291 [info] Profiles: No changes found during synchronizing profiles.
2024-02-02 17:23:21.292 [info] Sync done. Took 269ms
2024-02-02 17:28:21.303 [info] Auto Sync: Triggered by Interval
2024-02-02 17:28:21.304 [info] Sync started.
2024-02-02 17:28:21.486 [info] Settings: No changes found during synchronizing settings.
2024-02-02 17:28:21.488 [info] Keybindings: No changes found during synchronizing keybindings.
2024-02-02 17:28:21.491 [info] Snippets: No changes found during synchronizing snippets.
2024-02-02 17:28:21.496 [info] Tasks: No changes found during synchronizing tasks.
2024-02-02 17:28:21.503 [info] GlobalState: No changes found during synchronizing ui state.
2024-02-02 17:28:21.573 [info] Extensions: No changes found during synchronizing extensions.
2024-02-02 17:28:21.574 [info] Profiles: No changes found during synchronizing profiles.
2024-02-02 17:28:21.576 [info] Sync done. Took 273ms
2024-02-02 17:33:21.597 [info] Auto Sync: Triggered by Interval
2024-02-02 17:33:21.598 [info] Sync started.
2024-02-02 17:33:21.802 [info] Settings: No changes found during synchronizing settings.
2024-02-02 17:33:21.804 [info] Keybindings: No changes found during synchronizing keybindings.
2024-02-02 17:33:21.806 [info] Snippets: No changes found during synchronizing snippets.
2024-02-02 17:33:21.808 [info] Tasks: No changes found during synchronizing tasks.
2024-02-02 17:33:21.810 [info] GlobalState: No changes found during synchronizing ui state.
2024-02-02 17:33:21.893 [info] Extensions: No changes found during synchronizing extensions.
2024-02-02 17:33:21.895 [info] Profiles: No changes found during synchronizing profiles.
2024-02-02 17:33:21.896 [info] Sync done. Took 299ms
2024-02-02 17:38:21.918 [info] Auto Sync: Triggered by Interval
2024-02-02 17:38:21.919 [info] Sync started.
2024-02-02 17:38:22.127 [info] Settings: No changes found during synchronizing settings.
2024-02-02 17:38:22.136 [info] Keybindings: No changes found during synchronizing keybindings.
2024-02-02 17:38:22.139 [info] Snippets: No changes found during synchronizing snippets.
2024-02-02 17:38:22.144 [info] Tasks: No changes found during synchronizing tasks.
2024-02-02 17:38:22.151 [info] GlobalState: No changes found during synchronizing ui state.
2024-02-02 17:38:22.229 [info] Extensions: No changes found during synchronizing extensions.
2024-02-02 17:38:22.234 [info] Profiles: No changes found during synchronizing profiles.
2024-02-02 17:38:22.235 [info] Sync done. Took 318ms
2024-02-02 17:41:38.896 [info] Auto Sync: Triggered by Activity
2024-02-02 17:41:38.896 [info] Sync started.
2024-02-02 17:41:39.070 [info] Settings: No changes found during synchronizing settings.
2024-02-02 17:41:39.073 [info] Keybindings: No changes found during synchronizing keybindings.
2024-02-02 17:41:39.077 [info] Snippets: No changes found during synchronizing snippets.
2024-02-02 17:41:39.080 [info] Tasks: No changes found during synchronizing tasks.
2024-02-02 17:41:39.084 [info] GlobalState: No changes found during synchronizing ui state.
2024-02-02 17:41:39.154 [info] Extensions: No changes found during synchronizing extensions.
2024-02-02 17:41:39.155 [info] Profiles: No changes found during synchronizing profiles.
2024-02-02 17:41:39.157 [info] Sync done. Took 261ms
2024-02-02 17:42:11.664 [info] Auto Sync: Triggered by Activity
2024-02-02 17:42:11.665 [info] Sync started.
2024-02-02 17:42:11.748 [info] Settings: No changes found during synchronizing settings.
2024-02-02 17:42:11.751 [info] Keybindings: No changes found during synchronizing keybindings.
2024-02-02 17:42:11.755 [info] Snippets: No changes found during synchronizing snippets.
2024-02-02 17:42:11.758 [info] Tasks: No changes found during synchronizing tasks.
2024-02-02 17:42:11.761 [info] GlobalState: No changes found during synchronizing ui state.
2024-02-02 17:42:11.848 [info] Extensions: No changes found during synchronizing extensions.
2024-02-02 17:42:11.849 [info] Profiles: No changes found during synchronizing profiles.
2024-02-02 17:42:11.850 [info] Sync done. Took 186ms
