2024-02-03 12:17:12.044 [info] Using settings sync service https://vscode-sync.trafficmanager.net/
2024-02-03 12:17:12.044 [info] Auto Sync is enabled.
2024-02-03 12:17:12.044 [info] Auto Sync: Suspended until auth token is available.
2024-02-03 12:17:14.666 [info] Deleting non existing profile from backup /home/kami/.config/Code/User/sync/extensions
2024-02-03 12:17:14.669 [info] Deleting non existing profile from backup /home/kami/.config/Code/User/sync/globalState
2024-02-03 12:17:14.670 [info] Deleting non existing profile from backup /home/kami/.config/Code/User/sync/keybindings
2024-02-03 12:17:14.671 [info] Deleting non existing profile from backup /home/kami/.config/Code/User/sync/profiles
2024-02-03 12:17:14.673 [info] Deleting non existing profile from backup /home/kami/.config/Code/User/sync/snippets
2024-02-03 12:17:14.675 [info] Deleting non existing profile from backup /home/kami/.config/Code/User/sync/tasks
2024-02-03 12:17:15.921 [info] Auto Sync: Triggered by Interval
2024-02-03 12:17:15.933 [info] Sync started.
2024-02-03 12:17:16.671 [info] Settings: Last sync resource does not exist locally.
2024-02-03 12:17:16.948 [info] Settings: No changes found during synchronizing settings.
2024-02-03 12:17:16.950 [info] Keybindings: Last sync resource does not exist locally.
2024-02-03 12:17:17.365 [info] Keybindings: No changes found during synchronizing keybindings.
2024-02-03 12:17:17.370 [info] Snippets: Last sync resource does not exist locally.
2024-02-03 12:17:17.517 [info] Snippets: No changes found during synchronizing snippets.
2024-02-03 12:17:17.522 [info] Tasks: Last sync resource does not exist locally.
2024-02-03 12:17:17.678 [info] Tasks: No changes found during synchronizing tasks.
2024-02-03 12:17:17.682 [info] GlobalState: Last sync resource does not exist locally.
2024-02-03 12:17:19.193 [info] GlobalState: Updated remote ui state. Updated: java.2.lastSessionDate,java.2.sessionCount,javascript.1.lastSessionDate,javascript.1.sessionCount,typescript.1.lastSessionDate,typescript.1.sessionCount,csharp.1.lastSessionDate,csharp.1.sessionCount.
2024-02-03 12:17:19.300 [info] GlobalState: Updated last synchronized ui state
2024-02-03 12:17:19.304 [info] Extensions: Last sync resource does not exist locally.
2024-02-03 12:17:19.589 [info] Extensions: No changes found during synchronizing extensions.
2024-02-03 12:17:19.590 [info] Profiles: Last sync resource does not exist locally.
2024-02-03 12:17:19.854 [info] Profiles: No changes found during synchronizing profiles.
2024-02-03 12:17:19.859 [info] Sync done. Took 3940ms
2024-02-03 12:22:19.868 [info] Auto Sync: Triggered by Interval
2024-02-03 12:22:19.868 [info] Sync started.
2024-02-03 12:22:20.070 [info] Settings: No changes found during synchronizing settings.
2024-02-03 12:22:20.074 [info] Keybindings: No changes found during synchronizing keybindings.
2024-02-03 12:22:20.077 [info] Snippets: No changes found during synchronizing snippets.
2024-02-03 12:22:20.081 [info] Tasks: No changes found during synchronizing tasks.
2024-02-03 12:22:20.084 [info] GlobalState: No changes found during synchronizing ui state.
2024-02-03 12:22:20.164 [info] Extensions: No changes found during synchronizing extensions.
2024-02-03 12:22:20.168 [info] Profiles: No changes found during synchronizing profiles.
2024-02-03 12:22:20.171 [info] Sync done. Took 302ms
2024-02-03 12:27:20.183 [info] Auto Sync: Triggered by Interval
2024-02-03 12:27:20.183 [info] Sync started.
2024-02-03 12:27:20.376 [info] Settings: No changes found during synchronizing settings.
2024-02-03 12:27:20.379 [info] Keybindings: No changes found during synchronizing keybindings.
2024-02-03 12:27:20.383 [info] Snippets: No changes found during synchronizing snippets.
2024-02-03 12:27:20.386 [info] Tasks: No changes found during synchronizing tasks.
2024-02-03 12:27:20.391 [info] GlobalState: No changes found during synchronizing ui state.
2024-02-03 12:27:20.476 [info] Extensions: No changes found during synchronizing extensions.
2024-02-03 12:27:20.477 [info] Profiles: No changes found during synchronizing profiles.
2024-02-03 12:27:20.479 [info] Sync done. Took 296ms
2024-02-03 12:32:20.487 [info] Auto Sync: Triggered by Interval
2024-02-03 12:32:20.488 [info] Sync started.
2024-02-03 12:32:20.647 [info] Settings: No changes found during synchronizing settings.
2024-02-03 12:32:20.650 [info] Keybindings: No changes found during synchronizing keybindings.
2024-02-03 12:32:20.654 [info] Snippets: No changes found during synchronizing snippets.
2024-02-03 12:32:20.659 [info] Tasks: No changes found during synchronizing tasks.
2024-02-03 12:32:20.663 [info] GlobalState: No changes found during synchronizing ui state.
2024-02-03 12:32:20.754 [info] Extensions: No changes found during synchronizing extensions.
2024-02-03 12:32:20.756 [info] Profiles: No changes found during synchronizing profiles.
2024-02-03 12:32:20.758 [info] Sync done. Took 270ms
2024-02-03 12:37:20.774 [info] Auto Sync: Triggered by Interval
2024-02-03 12:37:20.775 [info] Sync started.
2024-02-03 12:37:20.969 [info] Settings: No changes found during synchronizing settings.
2024-02-03 12:37:20.980 [info] Keybindings: No changes found during synchronizing keybindings.
2024-02-03 12:37:20.983 [info] Snippets: No changes found during synchronizing snippets.
2024-02-03 12:37:20.986 [info] Tasks: No changes found during synchronizing tasks.
2024-02-03 12:37:20.989 [info] GlobalState: No changes found during synchronizing ui state.
2024-02-03 12:37:21.065 [info] Extensions: No changes found during synchronizing extensions.
2024-02-03 12:37:21.072 [info] Profiles: No changes found during synchronizing profiles.
2024-02-03 12:37:21.076 [info] Sync done. Took 302ms
2024-02-03 12:42:21.091 [info] Auto Sync: Triggered by Interval
2024-02-03 12:42:21.092 [info] Sync started.
2024-02-03 12:42:21.349 [info] Settings: No changes found during synchronizing settings.
2024-02-03 12:42:21.352 [info] Keybindings: No changes found during synchronizing keybindings.
2024-02-03 12:42:21.359 [info] Snippets: No changes found during synchronizing snippets.
2024-02-03 12:42:21.365 [info] Tasks: No changes found during synchronizing tasks.
2024-02-03 12:42:21.370 [info] GlobalState: No changes found during synchronizing ui state.
2024-02-03 12:42:21.449 [info] Extensions: No changes found during synchronizing extensions.
2024-02-03 12:42:21.450 [info] Profiles: No changes found during synchronizing profiles.
2024-02-03 12:42:21.452 [info] Sync done. Took 361ms
2024-02-03 12:47:21.458 [info] Auto Sync: Triggered by Interval
2024-02-03 12:47:21.458 [info] Sync started.
2024-02-03 12:47:21.649 [info] Settings: No changes found during synchronizing settings.
2024-02-03 12:47:21.652 [info] Keybindings: No changes found during synchronizing keybindings.
2024-02-03 12:47:21.655 [info] Snippets: No changes found during synchronizing snippets.
2024-02-03 12:47:21.657 [info] Tasks: No changes found during synchronizing tasks.
2024-02-03 12:47:21.660 [info] GlobalState: No changes found during synchronizing ui state.
2024-02-03 12:47:21.750 [info] Extensions: No changes found during synchronizing extensions.
2024-02-03 12:47:21.752 [info] Profiles: No changes found during synchronizing profiles.
2024-02-03 12:47:21.754 [info] Sync done. Took 296ms
