2024-02-02 15:33:27.682 [info] Reading sessions from keychain...
2024-02-02 15:33:27.683 [info] Getting sessions for all scopes...
2024-02-02 15:33:27.683 [info] Got 0 sessions for ...
2024-02-02 15:33:27.683 [info] Getting sessions for all scopes...
2024-02-02 15:33:27.683 [info] Got 0 sessions for ...
2024-02-02 15:33:27.683 [info] Getting sessions for user:email...
2024-02-02 15:33:27.683 [info] Got 0 sessions for user:email...
2024-02-02 15:33:27.738 [info] Getting sessions for all scopes...
2024-02-02 15:33:27.738 [info] Got 0 sessions for ...
2024-02-02 15:33:28.711 [info] Logging in for the following scopes: user:email
2024-02-02 15:33:28.717 [info] Trying without local server... (user:email)
2024-02-02 15:33:49.820 [info] Exchanging code for token...
2024-02-02 15:33:50.327 [info] Token exchange success!
2024-02-02 15:33:50.330 [info] Getting user info...
2024-02-02 15:33:50.830 [info] Got account info!
2024-02-02 15:33:50.830 [info] Storing 1 sessions...
2024-02-02 15:33:57.627 [info] Reading sessions from keychain...
2024-02-02 15:33:57.627 [info] Stored 1 sessions!
2024-02-02 15:33:57.628 [info] Login success!
2024-02-02 15:33:57.670 [info] Getting sessions for user:email...
2024-02-02 15:33:57.671 [info] Got stored sessions!
2024-02-02 15:33:57.671 [info] Got 1 verified sessions.
2024-02-02 15:33:57.671 [info] Got 1 sessions for user:email...
2024-02-02 15:36:33.607 [info] Reading sessions from keychain...
2024-02-02 15:36:33.607 [info] Getting sessions for all scopes...
2024-02-02 15:36:33.607 [info] Got stored sessions!
2024-02-02 15:36:33.607 [info] Got 1 verified sessions.
2024-02-02 15:36:33.607 [info] Got 1 sessions for ...
2024-02-02 15:36:33.607 [info] Getting sessions for user:email...
2024-02-02 15:36:33.607 [info] Got 1 sessions for user:email...
2024-02-02 15:36:33.607 [info] Getting sessions for all scopes...
2024-02-02 15:36:33.607 [info] Got 1 sessions for ...
