2024-02-02 21:15:46.117 [info] Extension host with pid 49586 started
2024-02-02 21:15:46.118 [info] Skipping acquiring lock for /home/kami/.config/Code/User/workspaceStorage/b01c3e8aba415c355913e97c73878ccd.
2024-02-02 21:15:46.433 [info] ExtensionService#_doActivateExtension vscode.emmet, startup: false, activationEvent: 'onLanguage'
2024-02-02 21:15:46.448 [info] ExtensionService#_doActivateExtension ms-vscode.cpptools, startup: false, activationEvent: 'onLanguage:cpp'
2024-02-02 21:15:47.317 [info] ExtensionService#_doActivateExtension vscode.git-base, startup: true, activationEvent: '*', root cause: vscode.git
2024-02-02 21:15:47.465 [info] ExtensionService#_doActivateExtension vscode.git, startup: true, activationEvent: '*'
2024-02-02 21:15:47.501 [info] ExtensionService#_doActivateExtension vscode.github, startup: true, activationEvent: '*'
2024-02-02 21:15:47.625 [info] Eager extensions activated
2024-02-02 21:15:47.671 [info] ExtensionService#_doActivateExtension vscode.debug-auto-launch, startup: false, activationEvent: 'onStartupFinished'
2024-02-02 21:15:47.675 [info] ExtensionService#_doActivateExtension vscode.merge-conflict, startup: false, activationEvent: 'onStartupFinished'
2024-02-02 21:15:47.686 [info] ExtensionService#_doActivateExtension esbenp.prettier-vscode, startup: false, activationEvent: 'onStartupFinished'
2024-02-02 21:15:47.746 [info] ExtensionService#_doActivateExtension formulahendry.code-runner, startup: false, activationEvent: 'onStartupFinished'
2024-02-02 21:15:47.815 [info] ExtensionService#_doActivateExtension ms-vscode-remote.remote-wsl, startup: false, activationEvent: 'onStartupFinished'
2024-02-02 21:15:47.846 [info] ExtensionService#_doActivateExtension vscode-icons-team.vscode-icons, startup: false, activationEvent: 'onStartupFinished'
2024-02-02 21:15:48.125 [info] ExtensionService#_doActivateExtension vscode.github-authentication, startup: false, activationEvent: 'onAuthenticationRequest:github'
2024-02-02 21:15:49.516 [info] ExtensionService#_doActivateExtension vscode.json-language-features, startup: false, activationEvent: 'onLanguage:jsonc'
2024-02-02 21:15:49.648 [info] ExtensionService#_doActivateExtension vscode.typescript-language-features, startup: false, activationEvent: 'onLanguage:jsonc'
2024-02-02 21:15:56.155 [info] Extension host terminating: renderer closed the MessagePort
2024-02-02 21:15:56.887 [error] [ms-vscode.cpptools] provider FAILED
2024-02-02 21:15:56.887 [error] Error: Pending response rejected since connection got disposed
	at Object.dispose (/home/kami/.vscode/extensions/ms-vscode.cpptools-1.18.5-linux-x64/dist/src/main.js:66327:27)
	at Object.dispose (/home/kami/.vscode/extensions/ms-vscode.cpptools-1.18.5-linux-x64/dist/src/main.js:70079:35)
	at /home/kami/.vscode/extensions/ms-vscode.cpptools-1.18.5-linux-x64/dist/src/main.js:69494:28
	at process.processTicksAndRejections (node:internal/process/task_queues:95:5)
	at async Object.deactivate (/home/kami/.vscode/extensions/ms-vscode.cpptools-1.18.5-linux-x64/dist/src/main.js:97847:5)
	at async Promise.all (index 12)
	at async g.Y (/opt/visual-studio-code/resources/app/out/vs/workbench/api/node/extensionHostProcess.js:156:7823)
2024-02-02 21:15:56.887 [error] [ms-vscode.cpptools] provider FAILED
2024-02-02 21:15:56.887 [error] Error: Pending response rejected since connection got disposed
	at Object.dispose (/home/kami/.vscode/extensions/ms-vscode.cpptools-1.18.5-linux-x64/dist/src/main.js:66327:27)
	at Object.dispose (/home/kami/.vscode/extensions/ms-vscode.cpptools-1.18.5-linux-x64/dist/src/main.js:70079:35)
	at /home/kami/.vscode/extensions/ms-vscode.cpptools-1.18.5-linux-x64/dist/src/main.js:69494:28
	at process.processTicksAndRejections (node:internal/process/task_queues:95:5)
	at async Object.deactivate (/home/kami/.vscode/extensions/ms-vscode.cpptools-1.18.5-linux-x64/dist/src/main.js:97847:5)
	at async Promise.all (index 12)
	at async g.Y (/opt/visual-studio-code/resources/app/out/vs/workbench/api/node/extensionHostProcess.js:156:7823)
2024-02-02 21:15:56.887 [info] Extension host with pid 49586 exiting with code 0
