2024-02-02 15:32:55.998 [info] Added views:workbench.panel.markers.view in workbench.panel.markers
2024-02-02 15:32:55.998 [info] Added views:workbench.panel.output in workbench.panel.output
2024-02-02 15:32:55.998 [info] Added views:terminal in terminal
2024-02-02 15:32:55.998 [info] Added views:outline in workbench.view.explorer
2024-02-02 15:32:55.998 [info] Added views:workbench.scm in workbench.view.scm
2024-02-02 15:32:55.998 [info] Added views:workbench.view.search in workbench.view.search
2024-02-02 15:32:55.998 [info] Added views:timeline in workbench.view.explorer
2024-02-02 15:32:55.998 [info] Added views:workbench.explorer.emptyView in workbench.view.explorer
2024-02-02 15:32:56.303 [info] Added views:workbench.debug.welcome in workbench.view.debug
2024-02-02 15:32:56.639 [info] Added views:~remote.forwardedPorts in ~remote.forwardedPortsContainer
2024-02-02 15:32:57.081 [info] Added views:workbench.panel.repl.view in workbench.panel.repl
2024-02-02 15:33:22.670 [info] Added views:workbench.views.extensions.installed,workbench.views.extensions.popular,extensions.recommendedList in workbench.view.extensions
2024-02-02 15:33:22.678 [info] Removed views:workbench.views.extensions.popular from workbench.view.extensions
2024-02-02 15:33:23.163 [info] Added views:workbench.views.extensions.popular in workbench.view.extensions
2024-02-02 15:34:00.109 [info] View visibility state changed: workbench.explorer.openEditorsView is now visible Explorer
2024-02-02 15:34:00.109 [info] Showing view workbench.explorer.openEditorsView in the container workbench.view.explorer
2024-02-02 15:34:00.109 [info] Added views:workbench.explorer.openEditorsView in workbench.view.explorer
2024-02-02 15:34:23.606 [info] Added views:remoteHub.views.workspaceRepositories in workbench.view.remote
2024-02-02 15:36:31.924 [info] Added views:workbench.panel.markers.view in workbench.panel.markers
2024-02-02 15:36:31.924 [info] Added views:workbench.panel.output in workbench.panel.output
2024-02-02 15:36:31.924 [info] Added views:terminal in terminal
2024-02-02 15:36:31.924 [info] Added views:outline in workbench.view.explorer
2024-02-02 15:36:31.924 [info] Added views:workbench.scm in workbench.view.scm
2024-02-02 15:36:31.924 [info] Added views:workbench.view.search in workbench.view.search
2024-02-02 15:36:31.924 [info] Added views:timeline in workbench.view.explorer
2024-02-02 15:36:31.924 [info] Added views:workbench.explorer.openEditorsView,workbench.explorer.fileView in workbench.view.explorer
2024-02-02 15:36:32.366 [info] Added views:workbench.debug.variablesView,workbench.debug.watchExpressionsView,workbench.debug.callStackView,workbench.debug.breakPointsView in workbench.view.debug
2024-02-02 15:36:32.516 [info] Added views:remoteHub.views.workspaceRepositories in workbench.view.remote
2024-02-02 15:36:32.808 [info] Added views:~remote.forwardedPorts in ~remote.forwardedPortsContainer
2024-02-02 15:36:33.524 [info] Added views:workbench.panel.repl.view in workbench.panel.repl
2024-02-02 15:36:33.529 [info] Removed views:workbench.debug.breakPointsView,workbench.debug.callStackView,workbench.debug.watchExpressionsView,workbench.debug.variablesView from workbench.view.debug
2024-02-02 15:36:33.529 [info] Added views:workbench.debug.welcome in workbench.view.debug
